warning: function cannot return without recursing
  --> src/main.rs:19:5
   |
19 |     fn stack_overflow() {
   |     ^^^^^^^^^^^^^^^^^^^ cannot return without recursing
20 |         stack_overflow();
   |         ---------------- recursive call site
   |
   = note: `#[warn(unconditional_recursion)]` on by default
   = help: a `loop` may express intention better if this is on purpose

warning: 1 warning emitted

    Finished dev [unoptimized + debuginfo] target(s) in 0.05s
     Running `bootimage runner target/x86_64-blog_os/debug/blog_os -d int`
Building bootloader
    Finished release [optimized + debuginfo] target(s) in 0.04s
Running: `qemu-system-x86_64 -drive format=raw,file=target/x86_64-blog_os/debug/bootimage-blog_os.bin -d int`
SMM: enter
EAX=00000001 EBX=0000000b ECX=02000000 EDX=02000628
ESI=00000000 EDI=02000000 EBP=07fa9a30 ESP=00006c50
EIP=000ec8c4 EFL=00000002 [-------] CPL=0 II=0 A20=1 SMM=0 HLT=0
ES =0010 00000000 ffffffff 00cf9300 DPL=0 DS   [-WA]
CS =0008 00000000 ffffffff 00cf9b00 DPL=0 CS32 [-RA]
SS =0010 00000000 ffffffff 00cf9300 DPL=0 DS   [-WA]
DS =0010 00000000 ffffffff 00cf9300 DPL=0 DS   [-WA]
FS =0010 00000000 ffffffff 00cf9300 DPL=0 DS   [-WA]
GS =0010 00000000 ffffffff 00cf9300 DPL=0 DS   [-WA]
LDT=0000 00000000 0000ffff 00008200 DPL=0 LDT
TR =0000 00000000 0000ffff 00008b00 DPL=0 TSS32-busy
GDT=     000f6070 00000037
IDT=     000f60ae 00000000
CR0=00000011 CR2=00000000 CR3=00000000 CR4=00000000
DR0=0000000000000000 DR1=0000000000000000 DR2=0000000000000000 DR3=0000000000000000 
DR6=00000000ffff0ff0 DR7=0000000000000400
CCS=00007113 CCD=00000001 CCO=LOGICB  
EFER=0000000000000000
SMM: after RSM
EAX=00000001 EBX=0000000b ECX=02000000 EDX=02000628
ESI=00000000 EDI=02000000 EBP=07fa9a30 ESP=00006c50
EIP=000ec8c4 EFL=00000002 [-------] CPL=0 II=0 A20=1 SMM=0 HLT=0
ES =0010 00000000 ffffffff 00c09300 DPL=0 DS   [-WA]
CS =0008 00000000 ffffffff 00c09b00 DPL=0 CS32 [-RA]
SS =0010 00000000 ffffffff 00c09300 DPL=0 DS   [-WA]
DS =0010 00000000 ffffffff 00c09300 DPL=0 DS   [-WA]
FS =0010 00000000 ffffffff 00c09300 DPL=0 DS   [-WA]
GS =0010 00000000 ffffffff 00c09300 DPL=0 DS   [-WA]
LDT=0000 00000000 0000ffff 00008200 DPL=0 LDT
TR =0000 00000000 0000ffff 00008b00 DPL=0 TSS32-busy
GDT=     000f6070 00000037
IDT=     000f60ae 00000000
CR0=00000011 CR2=00000000 CR3=00000000 CR4=00000000
DR0=0000000000000000 DR1=0000000000000000 DR2=0000000000000000 DR3=0000000000000000 
DR6=00000000ffff0ff0 DR7=0000000000000400
CCS=00000000 CCD=00000000 CCO=EFLAGS  
EFER=0000000000000000
SMM: enter
EAX=000000b5 EBX=000f7cd6 ECX=00001234 EDX=0000dc00
ESI=07fbdc62 EDI=00006c6c EBP=00006c2c ESP=00006c2c
EIP=00007cd5 EFL=00000002 [-------] CPL=0 II=0 A20=1 SMM=0 HLT=0
ES =dc00 000dc000 ffffffff 008f9300
CS =f000 000f0000 ffffffff 008f9b00
SS =0000 00000000 ffffffff 008f9300
DS =0000 00000000 ffffffff 008f9300
FS =0000 00000000 ffffffff 008f9300
GS =0000 00000000 ffffffff 008f9300
LDT=0000 00000000 0000ffff 00008200
TR =0000 00000000 0000ffff 00008b00
GDT=     00000000 00000000
IDT=     00000000 000003ff
CR0=00000010 CR2=00000000 CR3=00000000 CR4=00000000
DR0=0000000000000000 DR1=0000000000000000 DR2=0000000000000000 DR3=0000000000000000 
DR6=00000000ffff0ff0 DR7=0000000000000400
CCS=00000000 CCD=00006c2c CCO=EFLAGS  
EFER=0000000000000000
SMM: after RSM
EAX=000000b5 EBX=000f7cd6 ECX=00001234 EDX=0000dc00
ESI=07fbdc62 EDI=00006c6c EBP=00006c2c ESP=00006c2c
EIP=000f7cd6 EFL=00000002 [-------] CPL=0 II=0 A20=1 SMM=0 HLT=0
ES =0010 00000000 ffffffff 00c09300 DPL=0 DS   [-WA]
CS =0008 00000000 ffffffff 00c09b00 DPL=0 CS32 [-RA]
SS =0010 00000000 ffffffff 00c09300 DPL=0 DS   [-WA]
DS =0010 00000000 ffffffff 00c09300 DPL=0 DS   [-WA]
FS =0010 00000000 ffffffff 00c09300 DPL=0 DS   [-WA]
GS =0010 00000000 ffffffff 00c09300 DPL=0 DS   [-WA]
LDT=0000 00000000 0000ffff 00008200 DPL=0 LDT
TR =0000 00000000 0000ffff 00008b00 DPL=0 TSS32-busy
GDT=     000f6070 00000037
IDT=     000f60ae 00000000
CR0=00000011 CR2=00000000 CR3=00000000 CR4=00000000
DR0=0000000000000000 DR1=0000000000000000 DR2=0000000000000000 DR3=0000000000000000 
DR6=00000000ffff0ff0 DR7=0000000000000400
CCS=00000000 CCD=00000000 CCO=EFLAGS  
EFER=0000000000000000
SMM: enter
EAX=000000b5 EBX=00007cf0 ECX=00005678 EDX=000eb350
ESI=07fbdc62 EDI=000eb350 EBP=00006c2c ESP=00006c2c
EIP=000f7cef EFL=00000006 [-----P-] CPL=0 II=0 A20=1 SMM=0 HLT=0
ES =0010 00000000 ffffffff 00c09300 DPL=0 DS   [-WA]
CS =0008 00000000 ffffffff 00c09b00 DPL=0 CS32 [-RA]
SS =0010 00000000 ffffffff 00c09300 DPL=0 DS   [-WA]
DS =0010 00000000 ffffffff 00c09300 DPL=0 DS   [-WA]
FS =0010 00000000 ffffffff 00c09300 DPL=0 DS   [-WA]
GS =0010 00000000 ffffffff 00c09300 DPL=0 DS   [-WA]
LDT=0000 00000000 0000ffff 00008200 DPL=0 LDT
TR =0000 00000000 0000ffff 00008b00 DPL=0 TSS32-busy
GDT=     000f6070 00000037
IDT=     000f60ae 00000000
CR0=00000011 CR2=00000000 CR3=00000000 CR4=00000000
DR0=0000000000000000 DR1=0000000000000000 DR2=0000000000000000 DR3=0000000000000000 
DR6=00000000ffff0ff0 DR7=0000000000000400
CCS=00000004 CCD=00006c18 CCO=EFLAGS  
EFER=0000000000000000
SMM: after RSM
EAX=000000b5 EBX=00007cf0 ECX=00005678 EDX=000eb350
ESI=07fbdc62 EDI=000eb350 EBP=00006c2c ESP=00006c2c
EIP=00007cf0 EFL=00000002 [-------] CPL=0 II=0 A20=1 SMM=0 HLT=0
ES =dc00 000dc000 ffffffff 00809300
CS =f000 000f0000 ffffffff 00809b00
SS =0000 00000000 ffffffff 00809300
DS =0000 00000000 ffffffff 00809300
FS =0000 00000000 ffffffff 00809300
GS =0000 00000000 ffffffff 00809300
LDT=0000 00000000 0000ffff 00008200
TR =0000 00000000 0000ffff 00008b00
GDT=     00000000 00000000
IDT=     00000000 000003ff
CR0=00000010 CR2=00000000 CR3=00000000 CR4=00000000
DR0=0000000000000000 DR1=0000000000000000 DR2=0000000000000000 DR3=0000000000000000 
DR6=00000000ffff0ff0 DR7=0000000000000400
CCS=00000000 CCD=00000001 CCO=EFLAGS  
EFER=0000000000000000
SMM: enter
EAX=000000b5 EBX=000f7cd6 ECX=00001234 EDX=0000dc00
ESI=07fbdc62 EDI=00006956 EBP=00006916 ESP=00006916
EIP=00007cd5 EFL=00000002 [-------] CPL=0 II=0 A20=1 SMM=0 HLT=0
ES =dc00 000dc000 ffffffff 008f9300
CS =f000 000f0000 ffffffff 008f9b00
SS =0000 00000000 ffffffff 008f9300
DS =0000 00000000 ffffffff 008f9300
FS =0000 00000000 ffffffff 008f9300
GS =ca00 000ca000 ffffffff 008f9300
LDT=0000 00000000 0000ffff 00008200
TR =0000 00000000 0000ffff 00008b00
GDT=     00000000 00000000
IDT=     00000000 000003ff
CR0=00000010 CR2=00000000 CR3=00000000 CR4=00000000
DR0=0000000000000000 DR1=0000000000000000 DR2=0000000000000000 DR3=0000000000000000 
DR6=00000000ffff0ff0 DR7=0000000000000400
CCS=00000000 CCD=00006916 CCO=EFLAGS  
EFER=0000000000000000
SMM: after RSM
EAX=000000b5 EBX=000f7cd6 ECX=00001234 EDX=0000dc00
ESI=07fbdc62 EDI=00006956 EBP=00006916 ESP=00006916
EIP=000f7cd6 EFL=00000002 [-------] CPL=0 II=0 A20=1 SMM=0 HLT=0
ES =0010 00000000 ffffffff 00c09300 DPL=0 DS   [-WA]
CS =0008 00000000 ffffffff 00c09b00 DPL=0 CS32 [-RA]
SS =0010 00000000 ffffffff 00c09300 DPL=0 DS   [-WA]
DS =0010 00000000 ffffffff 00c09300 DPL=0 DS   [-WA]
FS =0010 00000000 ffffffff 00c09300 DPL=0 DS   [-WA]
GS =0010 00000000 ffffffff 00c09300 DPL=0 DS   [-WA]
LDT=0000 00000000 0000ffff 00008200 DPL=0 LDT
TR =0000 00000000 0000ffff 00008b00 DPL=0 TSS32-busy
GDT=     000f6070 00000037
IDT=     000f60ae 00000000
CR0=00000011 CR2=00000000 CR3=00000000 CR4=00000000
DR0=0000000000000000 DR1=0000000000000000 DR2=0000000000000000 DR3=0000000000000000 
DR6=00000000ffff0ff0 DR7=0000000000000400
CCS=00000000 CCD=00000000 CCO=EFLAGS  
EFER=0000000000000000
SMM: enter
EAX=000000b5 EBX=00007cf0 ECX=00005678 EDX=00000005
ESI=07fbdc62 EDI=00000000 EBP=00006916 ESP=00006916
EIP=000f7cef EFL=00000012 [----A--] CPL=0 II=0 A20=1 SMM=0 HLT=0
ES =0010 00000000 ffffffff 00c09300 DPL=0 DS   [-WA]
CS =0008 00000000 ffffffff 00c09b00 DPL=0 CS32 [-RA]
SS =0010 00000000 ffffffff 00c09300 DPL=0 DS   [-WA]
DS =0010 00000000 ffffffff 00c09300 DPL=0 DS   [-WA]
FS =0010 00000000 ffffffff 00c09300 DPL=0 DS   [-WA]
GS =0010 00000000 ffffffff 00c09300 DPL=0 DS   [-WA]
LDT=0000 00000000 0000ffff 00008200 DPL=0 LDT
TR =0000 00000000 0000ffff 00008b00 DPL=0 TSS32-busy
GDT=     000f6070 00000037
IDT=     000f60ae 00000000
CR0=00000011 CR2=00000000 CR3=00000000 CR4=00000000
DR0=0000000000000000 DR1=0000000000000000 DR2=0000000000000000 DR3=0000000000000000 
DR6=00000000ffff0ff0 DR7=0000000000000400
CCS=00000010 CCD=00006902 CCO=EFLAGS  
EFER=0000000000000000
SMM: after RSM
EAX=000000b5 EBX=00007cf0 ECX=00005678 EDX=00000005
ESI=07fbdc62 EDI=00000000 EBP=00006916 ESP=00006916
EIP=00007cf0 EFL=00000002 [-------] CPL=0 II=0 A20=1 SMM=0 HLT=0
ES =dc00 000dc000 ffffffff 00809300
CS =f000 000f0000 ffffffff 00809b00
SS =0000 00000000 ffffffff 00809300
DS =0000 00000000 ffffffff 00809300
FS =0000 00000000 ffffffff 00809300
GS =ca00 000ca000 ffffffff 00809300
LDT=0000 00000000 0000ffff 00008200
TR =0000 00000000 0000ffff 00008b00
GDT=     00000000 00000000
IDT=     00000000 000003ff
CR0=00000010 CR2=00000000 CR3=00000000 CR4=00000000
DR0=0000000000000000 DR1=0000000000000000 DR2=0000000000000000 DR3=0000000000000000 
DR6=00000000ffff0ff0 DR7=0000000000000400
CCS=00000000 CCD=00000001 CCO=EFLAGS  
EFER=0000000000000000
SMM: enter
EAX=000000b5 EBX=000f7cd6 ECX=00001234 EDX=0000dc00
ESI=07fbdc62 EDI=00006950 EBP=00006910 ESP=00006910
EIP=00007cd5 EFL=00000002 [-------] CPL=0 II=0 A20=1 SMM=0 HLT=0
ES =dc00 000dc000 ffffffff 00809300
CS =f000 000f0000 ffffffff 00809b00
SS =0000 00000000 ffffffff 00809300
DS =0000 00000000 ffffffff 00809300
FS =0000 00000000 ffffffff 00809300
GS =ca00 000ca000 ffffffff 00809300
LDT=0000 00000000 0000ffff 00008200
TR =0000 00000000 0000ffff 00008b00
GDT=     00000000 00000000
IDT=     00000000 000003ff
CR0=00000010 CR2=00000000 CR3=00000000 CR4=00000000
DR0=0000000000000000 DR1=0000000000000000 DR2=0000000000000000 DR3=0000000000000000 
DR6=00000000ffff0ff0 DR7=0000000000000400
CCS=00000000 CCD=00006910 CCO=EFLAGS  
EFER=0000000000000000
SMM: after RSM
EAX=000000b5 EBX=000f7cd6 ECX=00001234 EDX=0000dc00
ESI=07fbdc62 EDI=00006950 EBP=00006910 ESP=00006910
EIP=000f7cd6 EFL=00000002 [-------] CPL=0 II=0 A20=1 SMM=0 HLT=0
ES =0010 00000000 ffffffff 00c09300 DPL=0 DS   [-WA]
CS =0008 00000000 ffffffff 00c09b00 DPL=0 CS32 [-RA]
SS =0010 00000000 ffffffff 00c09300 DPL=0 DS   [-WA]
DS =0010 00000000 ffffffff 00c09300 DPL=0 DS   [-WA]
FS =0010 00000000 ffffffff 00c09300 DPL=0 DS   [-WA]
GS =0010 00000000 ffffffff 00c09300 DPL=0 DS   [-WA]
LDT=0000 00000000 0000ffff 00008200 DPL=0 LDT
TR =0000 00000000 0000ffff 00008b00 DPL=0 TSS32-busy
GDT=     000f6070 00000037
IDT=     000f60ae 00000000
CR0=00000011 CR2=00000000 CR3=00000000 CR4=00000000
DR0=0000000000000000 DR1=0000000000000000 DR2=0000000000000000 DR3=0000000000000000 
DR6=00000000ffff0ff0 DR7=0000000000000400
CCS=00000000 CCD=00000000 CCO=EFLAGS  
EFER=0000000000000000
SMM: enter
EAX=000000b5 EBX=00007cf0 ECX=00005678 EDX=07fa97a4
ESI=07fbdc62 EDI=07f909d0 EBP=00006910 ESP=00006910
EIP=000f7cef EFL=00000006 [-----P-] CPL=0 II=0 A20=1 SMM=0 HLT=0
ES =0010 00000000 ffffffff 00c09300 DPL=0 DS   [-WA]
CS =0008 00000000 ffffffff 00c09b00 DPL=0 CS32 [-RA]
SS =0010 00000000 ffffffff 00c09300 DPL=0 DS   [-WA]
DS =0010 00000000 ffffffff 00c09300 DPL=0 DS   [-WA]
FS =0010 00000000 ffffffff 00c09300 DPL=0 DS   [-WA]
GS =0010 00000000 ffffffff 00c09300 DPL=0 DS   [-WA]
LDT=0000 00000000 0000ffff 00008200 DPL=0 LDT
TR =0000 00000000 0000ffff 00008b00 DPL=0 TSS32-busy
GDT=     000f6070 00000037
IDT=     000f60ae 00000000
CR0=00000011 CR2=00000000 CR3=00000000 CR4=00000000
DR0=0000000000000000 DR1=0000000000000000 DR2=0000000000000000 DR3=0000000000000000 
DR6=00000000ffff0ff0 DR7=0000000000000400
CCS=00000004 CCD=000068fc CCO=EFLAGS  
EFER=0000000000000000
SMM: after RSM
EAX=000000b5 EBX=00007cf0 ECX=00005678 EDX=07fa97a4
ESI=07fbdc62 EDI=07f909d0 EBP=00006910 ESP=00006910
EIP=00007cf0 EFL=00000002 [-------] CPL=0 II=0 A20=1 SMM=0 HLT=0
ES =dc00 000dc000 ffffffff 00809300
CS =f000 000f0000 ffffffff 00809b00
SS =0000 00000000 ffffffff 00809300
DS =0000 00000000 ffffffff 00809300
FS =0000 00000000 ffffffff 00809300
GS =ca00 000ca000 ffffffff 00809300
LDT=0000 00000000 0000ffff 00008200
TR =0000 00000000 0000ffff 00008b00
GDT=     00000000 00000000
IDT=     00000000 000003ff
CR0=00000010 CR2=00000000 CR3=00000000 CR4=00000000
DR0=0000000000000000 DR1=0000000000000000 DR2=0000000000000000 DR3=0000000000000000 
DR6=00000000ffff0ff0 DR7=0000000000000400
CCS=00000000 CCD=00000001 CCO=EFLAGS  
EFER=0000000000000000
SMM: enter
EAX=000000b5 EBX=000f7cd6 ECX=00001234 EDX=0000dc00
ESI=07fbdc62 EDI=00006956 EBP=00006916 ESP=00006916
EIP=00007cd5 EFL=00000002 [-------] CPL=0 II=0 A20=1 SMM=0 HLT=0
ES =dc00 000dc000 ffffffff 00809300
CS =f000 000f0000 ffffffff 00809b00
SS =0000 00000000 ffffffff 00809300
DS =0000 00000000 ffffffff 00809300
FS =0000 00000000 ffffffff 00809300
GS =ca00 000ca000 ffffffff 00809300
LDT=0000 00000000 0000ffff 00008200
TR =0000 00000000 0000ffff 00008b00
GDT=     00000000 00000000
IDT=     00000000 000003ff
CR0=00000010 CR2=00000000 CR3=00000000 CR4=00000000
DR0=0000000000000000 DR1=0000000000000000 DR2=0000000000000000 DR3=0000000000000000 
DR6=00000000ffff0ff0 DR7=0000000000000400
CCS=00000000 CCD=00006916 CCO=EFLAGS  
EFER=0000000000000000
SMM: after RSM
EAX=000000b5 EBX=000f7cd6 ECX=00001234 EDX=0000dc00
ESI=07fbdc62 EDI=00006956 EBP=00006916 ESP=00006916
EIP=000f7cd6 EFL=00000002 [-------] CPL=0 II=0 A20=1 SMM=0 HLT=0
ES =0010 00000000 ffffffff 00c09300 DPL=0 DS   [-WA]
CS =0008 00000000 ffffffff 00c09b00 DPL=0 CS32 [-RA]
SS =0010 00000000 ffffffff 00c09300 DPL=0 DS   [-WA]
DS =0010 00000000 ffffffff 00c09300 DPL=0 DS   [-WA]
FS =0010 00000000 ffffffff 00c09300 DPL=0 DS   [-WA]
GS =0010 00000000 ffffffff 00c09300 DPL=0 DS   [-WA]
LDT=0000 00000000 0000ffff 00008200 DPL=0 LDT
TR =0000 00000000 0000ffff 00008b00 DPL=0 TSS32-busy
GDT=     000f6070 00000037
IDT=     000f60ae 00000000
CR0=00000011 CR2=00000000 CR3=00000000 CR4=00000000
DR0=0000000000000000 DR1=0000000000000000 DR2=0000000000000000 DR3=0000000000000000 
DR6=00000000ffff0ff0 DR7=0000000000000400
CCS=00000000 CCD=00000000 CCO=EFLAGS  
EFER=0000000000000000
SMM: enter
EAX=000000b5 EBX=00007cf0 ECX=00005678 EDX=00000005
ESI=07fbdc62 EDI=00000000 EBP=00006916 ESP=00006916
EIP=000f7cef EFL=00000012 [----A--] CPL=0 II=0 A20=1 SMM=0 HLT=0
ES =0010 00000000 ffffffff 00c09300 DPL=0 DS   [-WA]
CS =0008 00000000 ffffffff 00c09b00 DPL=0 CS32 [-RA]
SS =0010 00000000 ffffffff 00c09300 DPL=0 DS   [-WA]
DS =0010 00000000 ffffffff 00c09300 DPL=0 DS   [-WA]
FS =0010 00000000 ffffffff 00c09300 DPL=0 DS   [-WA]
GS =0010 00000000 ffffffff 00c09300 DPL=0 DS   [-WA]
LDT=0000 00000000 0000ffff 00008200 DPL=0 LDT
TR =0000 00000000 0000ffff 00008b00 DPL=0 TSS32-busy
GDT=     000f6070 00000037
IDT=     000f60ae 00000000
CR0=00000011 CR2=00000000 CR3=00000000 CR4=00000000
DR0=0000000000000000 DR1=0000000000000000 DR2=0000000000000000 DR3=0000000000000000 
DR6=00000000ffff0ff0 DR7=0000000000000400
CCS=00000010 CCD=00006902 CCO=EFLAGS  
EFER=0000000000000000
SMM: after RSM
EAX=000000b5 EBX=00007cf0 ECX=00005678 EDX=00000005
ESI=07fbdc62 EDI=00000000 EBP=00006916 ESP=00006916
EIP=00007cf0 EFL=00000002 [-------] CPL=0 II=0 A20=1 SMM=0 HLT=0
ES =dc00 000dc000 ffffffff 00809300
CS =f000 000f0000 ffffffff 00809b00
SS =0000 00000000 ffffffff 00809300
DS =0000 00000000 ffffffff 00809300
FS =0000 00000000 ffffffff 00809300
GS =ca00 000ca000 ffffffff 00809300
LDT=0000 00000000 0000ffff 00008200
TR =0000 00000000 0000ffff 00008b00
GDT=     00000000 00000000
IDT=     00000000 000003ff
CR0=00000010 CR2=00000000 CR3=00000000 CR4=00000000
DR0=0000000000000000 DR1=0000000000000000 DR2=0000000000000000 DR3=0000000000000000 
DR6=00000000ffff0ff0 DR7=0000000000000400
CCS=00000000 CCD=00000001 CCO=EFLAGS  
EFER=0000000000000000
SMM: enter
EAX=000000b5 EBX=000f7cd6 ECX=00001234 EDX=0000dc00
ESI=07fbdc62 EDI=00006950 EBP=00006910 ESP=00006910
EIP=00007cd5 EFL=00000002 [-------] CPL=0 II=0 A20=1 SMM=0 HLT=0
ES =dc00 000dc000 ffffffff 00809300
CS =f000 000f0000 ffffffff 00809b00
SS =0000 00000000 ffffffff 00809300
DS =0000 00000000 ffffffff 00809300
FS =0000 00000000 ffffffff 00809300
GS =ca00 000ca000 ffffffff 00809300
LDT=0000 00000000 0000ffff 00008200
TR =0000 00000000 0000ffff 00008b00
GDT=     00000000 00000000
IDT=     00000000 000003ff
CR0=00000010 CR2=00000000 CR3=00000000 CR4=00000000
DR0=0000000000000000 DR1=0000000000000000 DR2=0000000000000000 DR3=0000000000000000 
DR6=00000000ffff0ff0 DR7=0000000000000400
CCS=00000000 CCD=00006910 CCO=EFLAGS  
EFER=0000000000000000
SMM: after RSM
EAX=000000b5 EBX=000f7cd6 ECX=00001234 EDX=0000dc00
ESI=07fbdc62 EDI=00006950 EBP=00006910 ESP=00006910
EIP=000f7cd6 EFL=00000002 [-------] CPL=0 II=0 A20=1 SMM=0 HLT=0
ES =0010 00000000 ffffffff 00c09300 DPL=0 DS   [-WA]
CS =0008 00000000 ffffffff 00c09b00 DPL=0 CS32 [-RA]
SS =0010 00000000 ffffffff 00c09300 DPL=0 DS   [-WA]
DS =0010 00000000 ffffffff 00c09300 DPL=0 DS   [-WA]
FS =0010 00000000 ffffffff 00c09300 DPL=0 DS   [-WA]
GS =0010 00000000 ffffffff 00c09300 DPL=0 DS   [-WA]
LDT=0000 00000000 0000ffff 00008200 DPL=0 LDT
TR =0000 00000000 0000ffff 00008b00 DPL=0 TSS32-busy
GDT=     000f6070 00000037
IDT=     000f60ae 00000000
CR0=00000011 CR2=00000000 CR3=00000000 CR4=00000000
DR0=0000000000000000 DR1=0000000000000000 DR2=0000000000000000 DR3=0000000000000000 
DR6=00000000ffff0ff0 DR7=0000000000000400
CCS=00000000 CCD=00000000 CCO=EFLAGS  
EFER=0000000000000000
SMM: enter
EAX=000000b5 EBX=00007cf0 ECX=00005678 EDX=07fa95f4
ESI=07fbdc62 EDI=07ef09d0 EBP=00006910 ESP=00006910
EIP=000f7cef EFL=00000006 [-----P-] CPL=0 II=0 A20=1 SMM=0 HLT=0
ES =0010 00000000 ffffffff 00c09300 DPL=0 DS   [-WA]
CS =0008 00000000 ffffffff 00c09b00 DPL=0 CS32 [-RA]
SS =0010 00000000 ffffffff 00c09300 DPL=0 DS   [-WA]
DS =0010 00000000 ffffffff 00c09300 DPL=0 DS   [-WA]
FS =0010 00000000 ffffffff 00c09300 DPL=0 DS   [-WA]
GS =0010 00000000 ffffffff 00c09300 DPL=0 DS   [-WA]
LDT=0000 00000000 0000ffff 00008200 DPL=0 LDT
TR =0000 00000000 0000ffff 00008b00 DPL=0 TSS32-busy
GDT=     000f6070 00000037
IDT=     000f60ae 00000000
CR0=00000011 CR2=00000000 CR3=00000000 CR4=00000000
DR0=0000000000000000 DR1=0000000000000000 DR2=0000000000000000 DR3=0000000000000000 
DR6=00000000ffff0ff0 DR7=0000000000000400
CCS=00000004 CCD=000068fc CCO=EFLAGS  
EFER=0000000000000000
SMM: after RSM
EAX=000000b5 EBX=00007cf0 ECX=00005678 EDX=07fa95f4
ESI=07fbdc62 EDI=07ef09d0 EBP=00006910 ESP=00006910
EIP=00007cf0 EFL=00000002 [-------] CPL=0 II=0 A20=1 SMM=0 HLT=0
ES =dc00 000dc000 ffffffff 00809300
CS =f000 000f0000 ffffffff 00809b00
SS =0000 00000000 ffffffff 00809300
DS =0000 00000000 ffffffff 00809300
FS =0000 00000000 ffffffff 00809300
GS =ca00 000ca000 ffffffff 00809300
LDT=0000 00000000 0000ffff 00008200
TR =0000 00000000 0000ffff 00008b00
GDT=     00000000 00000000
IDT=     00000000 000003ff
CR0=00000010 CR2=00000000 CR3=00000000 CR4=00000000
DR0=0000000000000000 DR1=0000000000000000 DR2=0000000000000000 DR3=0000000000000000 
DR6=00000000ffff0ff0 DR7=0000000000000400
CCS=00000000 CCD=00000001 CCO=EFLAGS  
EFER=0000000000000000
check_exception old: 0xffffffff new 0xe
     0: v=0e e=0002 i=0 cpl=0 IP=0008:0000000000203ce1 pc=0000000000203ce1 SP=0000:0000010000002000 CR2=0000010000001ff8
RAX=0000010000201e28 RBX=0000000000006672 RCX=0000000000000fff RDX=0000000000220490
RSI=0000000000000002 RDI=0000010000201e18 RBP=0000008040201000 RSP=0000010000002000
R8 =0000000000000004 R9 =0000000000000004 R10=0000000000000000 R11=0000000000220460
R12=0000010000000000 R13=0000000000006002 R14=0000000000006672 R15=0000000000005ff2
RIP=0000000000203ce1 RFL=00000002 [-------] CPL=0 II=0 A20=1 SMM=0 HLT=0
ES =0010 0000000000000000 ffffffff 00cf9300 DPL=0 DS   [-WA]
CS =0008 0000000000000000 00000000 00209800 DPL=0 CS64 [---]
SS =0000 0000000000000000 00000000 00000000
DS =0010 0000000000000000 ffffffff 00cf9300 DPL=0 DS   [-WA]
FS =0000 0000000000000000 0000ffff 00009300 DPL=0 DS   [-WA]
GS =0000 0000000000000000 0000ffff 00009300 DPL=0 DS   [-WA]
LDT=0000 0000000000000000 0000ffff 00008200 DPL=0 LDT
TR =0010 00000000002224a9 00000067 00008900 DPL=0 TSS64-avl
GDT=     0000000000222528 0000003f
IDT=     0000000000220490 00000fff
CR0=80010011 CR2=0000010000001ff8 CR3=0000000000001000 CR4=00000020
DR0=0000000000000000 DR1=0000000000000000 DR2=0000000000000000 DR3=0000000000000000 
DR6=00000000ffff0ff0 DR7=0000000000000400
CCS=0000000000000038 CCD=0000010000201e38 CCO=ADDQ    
EFER=0000000000000d00
check_exception old: 0xe new 0xb
     1: v=08 e=0000 i=0 cpl=0 IP=0008:0000000000203ce1 pc=0000000000203ce1 SP=0000:0000010000002000 env->regs[R_EAX]=0000010000201e28
RAX=0000010000201e28 RBX=0000000000006672 RCX=0000000000000fff RDX=0000000000220490
RSI=0000000000000002 RDI=0000010000201e18 RBP=0000008040201000 RSP=0000010000002000
R8 =0000000000000004 R9 =0000000000000004 R10=0000000000000000 R11=0000000000220460
R12=0000010000000000 R13=0000000000006002 R14=0000000000006672 R15=0000000000005ff2
RIP=0000000000203ce1 RFL=00000002 [-------] CPL=0 II=0 A20=1 SMM=0 HLT=0
ES =0010 0000000000000000 ffffffff 00cf9300 DPL=0 DS   [-WA]
CS =0008 0000000000000000 00000000 00209800 DPL=0 CS64 [---]
SS =0000 0000000000000000 00000000 00000000
DS =0010 0000000000000000 ffffffff 00cf9300 DPL=0 DS   [-WA]
FS =0000 0000000000000000 0000ffff 00009300 DPL=0 DS   [-WA]
GS =0000 0000000000000000 0000ffff 00009300 DPL=0 DS   [-WA]
LDT=0000 0000000000000000 0000ffff 00008200 DPL=0 LDT
TR =0010 00000000002224a9 00000067 00008900 DPL=0 TSS64-avl
GDT=     0000000000222528 0000003f
IDT=     0000000000220490 00000fff
CR0=80010011 CR2=0000010000001ff8 CR3=0000000000001000 CR4=00000020
DR0=0000000000000000 DR1=0000000000000000 DR2=0000000000000000 DR3=0000000000000000 
DR6=00000000ffff0ff0 DR7=0000000000000400
CCS=0000000000000038 CCD=0000010000201e38 CCO=ADDQ    
EFER=0000000000000d00
check_exception old: 0xffffffff new 0xe
     2: v=0e e=0000 i=0 cpl=0 IP=0008:000000000020490f pc=000000000020490f SP=0000:00000000002206b8 CR2=00000000000000a8
RAX=00000000000000a8 RBX=0000000000006672 RCX=0000000000000000 RDX=0000000000000000
RSI=0000000000000001 RDI=00000000000000a8 RBP=0000008040201000 RSP=00000000002206b8
R8 =0000000000000001 R9 =0000000000000001 R10=00000000002208e0 R11=0000000000220ea8
R12=0000010000000000 R13=0000000000006002 R14=0000000000006672 R15=0000000000005ff2
RIP=000000000020490f RFL=00000046 [---Z-P-] CPL=0 II=0 A20=1 SMM=0 HLT=0
ES =0010 0000000000000000 ffffffff 00cf9300 DPL=0 DS   [-WA]
CS =0008 0000000000000000 00000000 00209800 DPL=0 CS64 [---]
SS =0000 0000000000000000 00000000 00000000
DS =0010 0000000000000000 ffffffff 00cf9300 DPL=0 DS   [-WA]
FS =0000 0000000000000000 0000ffff 00009300 DPL=0 DS   [-WA]
GS =0000 0000000000000000 0000ffff 00009300 DPL=0 DS   [-WA]
LDT=0000 0000000000000000 0000ffff 00008200 DPL=0 LDT
TR =0010 00000000002224a9 00000067 00008900 DPL=0 TSS64-avl
GDT=     0000000000222528 0000003f
IDT=     0000000000220490 00000fff
CR0=80010011 CR2=00000000000000a8 CR3=0000000000001000 CR4=00000020
DR0=0000000000000000 DR1=0000000000000000 DR2=0000000000000000 DR3=0000000000000000 
DR6=00000000ffff0ff0 DR7=0000000000000400
CCS=0000000000000038 CCD=0000000000000000 CCO=LOGICB  
EFER=0000000000000d00
check_exception old: 0xe new 0xd
     3: v=08 e=0000 i=0 cpl=0 IP=0008:000000000020490f pc=000000000020490f SP=0000:00000000002206b8 env->regs[R_EAX]=00000000000000a8
RAX=00000000000000a8 RBX=0000000000006672 RCX=0000000000000000 RDX=0000000000000000
RSI=0000000000000001 RDI=00000000000000a8 RBP=0000008040201000 RSP=00000000002206b8
R8 =0000000000000001 R9 =0000000000000001 R10=00000000002208e0 R11=0000000000220ea8
R12=0000010000000000 R13=0000000000006002 R14=0000000000006672 R15=0000000000005ff2
RIP=000000000020490f RFL=00000046 [---Z-P-] CPL=0 II=0 A20=1 SMM=0 HLT=0
ES =0010 0000000000000000 ffffffff 00cf9300 DPL=0 DS   [-WA]
CS =0008 0000000000000000 00000000 00209800 DPL=0 CS64 [---]
SS =0000 0000000000000000 00000000 00000000
DS =0010 0000000000000000 ffffffff 00cf9300 DPL=0 DS   [-WA]
FS =0000 0000000000000000 0000ffff 00009300 DPL=0 DS   [-WA]
GS =0000 0000000000000000 0000ffff 00009300 DPL=0 DS   [-WA]
LDT=0000 0000000000000000 0000ffff 00008200 DPL=0 LDT
TR =0010 00000000002224a9 00000067 00008900 DPL=0 TSS64-avl
GDT=     0000000000222528 0000003f
IDT=     0000000000220490 00000fff
CR0=80010011 CR2=00000000000000a8 CR3=0000000000001000 CR4=00000020
DR0=0000000000000000 DR1=0000000000000000 DR2=0000000000000000 DR3=0000000000000000 
DR6=00000000ffff0ff0 DR7=0000000000000400
CCS=0000000000000038 CCD=0000000000000000 CCO=LOGICB  
EFER=0000000000000d00
check_exception old: 0x8 new 0xd
     4: v=03 e=0000 i=1 cpl=0 IP=0008:00000000000f17ab pc=00000000000f17ab SP=0010:0000000000000fb4 env->regs[R_EAX]=00000000000f6006
EAX=000f6006 EBX=00000000 ECX=00000000 EDX=00000cf9
ESI=00000000 EDI=00100000 EBP=00000000 ESP=00000fb4
EIP=000f17ab EFL=00000006 [-----P-] CPL=0 II=0 A20=1 SMM=0 HLT=0
ES =0010 00000000 ffffffff 00cf9300 DPL=0 DS   [-WA]
CS =0008 00000000 ffffffff 00cf9b00 DPL=0 CS32 [-RA]
SS =0010 00000000 ffffffff 00cf9300 DPL=0 DS   [-WA]
DS =0010 00000000 ffffffff 00cf9300 DPL=0 DS   [-WA]
FS =0010 00000000 ffffffff 00cf9300 DPL=0 DS   [-WA]
GS =0010 00000000 ffffffff 00cf9300 DPL=0 DS   [-WA]
LDT=0000 00000000 0000ffff 00008200 DPL=0 LDT
TR =0000 00000000 0000ffff 00008b00 DPL=0 TSS32-busy
GDT=     000f6070 00000037
IDT=     000f60ae 00000000
CR0=00000011 CR2=00000000 CR3=00000000 CR4=00000000
DR0=0000000000000000 DR1=0000000000000000 DR2=0000000000000000 DR3=0000000000000000 
DR6=00000000ffff0ff0 DR7=0000000000000400
CCS=000f60b8 CCD=00009f44 CCO=SUBL    
EFER=0000000000000000
check_exception old: 0xffffffff new 0xd
     5: v=0d e=001a i=0 cpl=0 IP=0008:00000000000f17ab pc=00000000000f17ab SP=0010:0000000000000fb4 env->regs[R_EAX]=00000000000f6006
EAX=000f6006 EBX=00000000 ECX=00000000 EDX=00000cf9
ESI=00000000 EDI=00100000 EBP=00000000 ESP=00000fb4
EIP=000f17ab EFL=00000006 [-----P-] CPL=0 II=0 A20=1 SMM=0 HLT=0
ES =0010 00000000 ffffffff 00cf9300 DPL=0 DS   [-WA]
CS =0008 00000000 ffffffff 00cf9b00 DPL=0 CS32 [-RA]
SS =0010 00000000 ffffffff 00cf9300 DPL=0 DS   [-WA]
DS =0010 00000000 ffffffff 00cf9300 DPL=0 DS   [-WA]
FS =0010 00000000 ffffffff 00cf9300 DPL=0 DS   [-WA]
GS =0010 00000000 ffffffff 00cf9300 DPL=0 DS   [-WA]
LDT=0000 00000000 0000ffff 00008200 DPL=0 LDT
TR =0000 00000000 0000ffff 00008b00 DPL=0 TSS32-busy
GDT=     000f6070 00000037
IDT=     000f60ae 00000000
CR0=00000011 CR2=00000000 CR3=00000000 CR4=00000000
DR0=0000000000000000 DR1=0000000000000000 DR2=0000000000000000 DR3=0000000000000000 
DR6=00000000ffff0ff0 DR7=0000000000000400
CCS=000f60b8 CCD=00009f44 CCO=SUBL    
EFER=0000000000000000
check_exception old: 0xd new 0xd
     6: v=08 e=0000 i=0 cpl=0 IP=0008:00000000000f17ab pc=00000000000f17ab SP=0010:0000000000000fb4 env->regs[R_EAX]=00000000000f6006
EAX=000f6006 EBX=00000000 ECX=00000000 EDX=00000cf9
ESI=00000000 EDI=00100000 EBP=00000000 ESP=00000fb4
EIP=000f17ab EFL=00000006 [-----P-] CPL=0 II=0 A20=1 SMM=0 HLT=0
ES =0010 00000000 ffffffff 00cf9300 DPL=0 DS   [-WA]
CS =0008 00000000 ffffffff 00cf9b00 DPL=0 CS32 [-RA]
SS =0010 00000000 ffffffff 00cf9300 DPL=0 DS   [-WA]
DS =0010 00000000 ffffffff 00cf9300 DPL=0 DS   [-WA]
FS =0010 00000000 ffffffff 00cf9300 DPL=0 DS   [-WA]
GS =0010 00000000 ffffffff 00cf9300 DPL=0 DS   [-WA]
LDT=0000 00000000 0000ffff 00008200 DPL=0 LDT
TR =0000 00000000 0000ffff 00008b00 DPL=0 TSS32-busy
GDT=     000f6070 00000037
IDT=     000f60ae 00000000
CR0=00000011 CR2=00000000 CR3=00000000 CR4=00000000
DR0=0000000000000000 DR1=0000000000000000 DR2=0000000000000000 DR3=0000000000000000 
DR6=00000000ffff0ff0 DR7=0000000000000400
CCS=000f60b8 CCD=00009f44 CCO=SUBL    
EFER=0000000000000000
check_exception old: 0x8 new 0xd
SMM: enter
EAX=00000001 EBX=0000000b ECX=02000000 EDX=02000628
ESI=00000000 EDI=02000000 EBP=07fa9a30 ESP=00006c50
EIP=000ec8c4 EFL=00000002 [-------] CPL=0 II=0 A20=1 SMM=0 HLT=0
ES =0010 00000000 ffffffff 00cf9300 DPL=0 DS   [-WA]
CS =0008 00000000 ffffffff 00cf9b00 DPL=0 CS32 [-RA]
SS =0010 00000000 ffffffff 00cf9300 DPL=0 DS   [-WA]
DS =0010 00000000 ffffffff 00cf9300 DPL=0 DS   [-WA]
FS =0010 00000000 ffffffff 00cf9300 DPL=0 DS   [-WA]
GS =0010 00000000 ffffffff 00cf9300 DPL=0 DS   [-WA]
LDT=0000 00000000 0000ffff 00008200 DPL=0 LDT
TR =0000 00000000 0000ffff 00008b00 DPL=0 TSS32-busy
GDT=     000f6070 00000037
IDT=     000f60ae 00000000
CR0=00000011 CR2=00000000 CR3=00000000 CR4=00000000
DR0=0000000000000000 DR1=0000000000000000 DR2=0000000000000000 DR3=0000000000000000 
DR6=00000000ffff0ff0 DR7=0000000000000400
CCS=00007113 CCD=00000001 CCO=LOGICB  
EFER=0000000000000000
SMM: after RSM
EAX=00000001 EBX=0000000b ECX=02000000 EDX=02000628
ESI=00000000 EDI=02000000 EBP=07fa9a30 ESP=00006c50
EIP=000ec8c4 EFL=00000002 [-------] CPL=0 II=0 A20=1 SMM=0 HLT=0
ES =0010 00000000 ffffffff 00c09300 DPL=0 DS   [-WA]
CS =0008 00000000 ffffffff 00c09b00 DPL=0 CS32 [-RA]
SS =0010 00000000 ffffffff 00c09300 DPL=0 DS   [-WA]
DS =0010 00000000 ffffffff 00c09300 DPL=0 DS   [-WA]
FS =0010 00000000 ffffffff 00c09300 DPL=0 DS   [-WA]
GS =0010 00000000 ffffffff 00c09300 DPL=0 DS   [-WA]
LDT=0000 00000000 0000ffff 00008200 DPL=0 LDT
TR =0000 00000000 0000ffff 00008b00 DPL=0 TSS32-busy
GDT=     000f6070 00000037
IDT=     000f60ae 00000000
CR0=00000011 CR2=00000000 CR3=00000000 CR4=00000000
DR0=0000000000000000 DR1=0000000000000000 DR2=0000000000000000 DR3=0000000000000000 
DR6=00000000ffff0ff0 DR7=0000000000000400
CCS=00000000 CCD=00000000 CCO=EFLAGS  
EFER=0000000000000000
SMM: enter
EAX=000000b5 EBX=000f7cd6 ECX=00001234 EDX=0000dc00
ESI=07fbdc62 EDI=00006c6c EBP=00006c2c ESP=00006c2c
EIP=00007cd5 EFL=00000002 [-------] CPL=0 II=0 A20=1 SMM=0 HLT=0
ES =dc00 000dc000 ffffffff 008f9300
CS =f000 000f0000 ffffffff 008f9b00
SS =0000 00000000 ffffffff 008f9300
DS =0000 00000000 ffffffff 008f9300
FS =0000 00000000 ffffffff 008f9300
GS =0000 00000000 ffffffff 008f9300
LDT=0000 00000000 0000ffff 00008200
TR =0000 00000000 0000ffff 00008b00
GDT=     00000000 00000000
IDT=     00000000 000003ff
CR0=00000010 CR2=00000000 CR3=00000000 CR4=00000000
DR0=0000000000000000 DR1=0000000000000000 DR2=0000000000000000 DR3=0000000000000000 
DR6=00000000ffff0ff0 DR7=0000000000000400
CCS=00000000 CCD=00006c2c CCO=EFLAGS  
EFER=0000000000000000
SMM: after RSM
EAX=000000b5 EBX=000f7cd6 ECX=00001234 EDX=0000dc00
ESI=07fbdc62 EDI=00006c6c EBP=00006c2c ESP=00006c2c
EIP=000f7cd6 EFL=00000002 [-------] CPL=0 II=0 A20=1 SMM=0 HLT=0
ES =0010 00000000 ffffffff 00c09300 DPL=0 DS   [-WA]
CS =0008 00000000 ffffffff 00c09b00 DPL=0 CS32 [-RA]
SS =0010 00000000 ffffffff 00c09300 DPL=0 DS   [-WA]
DS =0010 00000000 ffffffff 00c09300 DPL=0 DS   [-WA]
FS =0010 00000000 ffffffff 00c09300 DPL=0 DS   [-WA]
GS =0010 00000000 ffffffff 00c09300 DPL=0 DS   [-WA]
LDT=0000 00000000 0000ffff 00008200 DPL=0 LDT
TR =0000 00000000 0000ffff 00008b00 DPL=0 TSS32-busy
GDT=     000f6070 00000037
IDT=     000f60ae 00000000
CR0=00000011 CR2=00000000 CR3=00000000 CR4=00000000
DR0=0000000000000000 DR1=0000000000000000 DR2=0000000000000000 DR3=0000000000000000 
DR6=00000000ffff0ff0 DR7=0000000000000400
CCS=00000000 CCD=00000000 CCO=EFLAGS  
EFER=0000000000000000
SMM: enter
EAX=000000b5 EBX=00007cf0 ECX=00005678 EDX=000eb350
ESI=07fbdc62 EDI=000eb350 EBP=00006c2c ESP=00006c2c
EIP=000f7cef EFL=00000006 [-----P-] CPL=0 II=0 A20=1 SMM=0 HLT=0
ES =0010 00000000 ffffffff 00c09300 DPL=0 DS   [-WA]
CS =0008 00000000 ffffffff 00c09b00 DPL=0 CS32 [-RA]
SS =0010 00000000 ffffffff 00c09300 DPL=0 DS   [-WA]
DS =0010 00000000 ffffffff 00c09300 DPL=0 DS   [-WA]
FS =0010 00000000 ffffffff 00c09300 DPL=0 DS   [-WA]
GS =0010 00000000 ffffffff 00c09300 DPL=0 DS   [-WA]
LDT=0000 00000000 0000ffff 00008200 DPL=0 LDT
TR =0000 00000000 0000ffff 00008b00 DPL=0 TSS32-busy
GDT=     000f6070 00000037
IDT=     000f60ae 00000000
CR0=00000011 CR2=00000000 CR3=00000000 CR4=00000000
DR0=0000000000000000 DR1=0000000000000000 DR2=0000000000000000 DR3=0000000000000000 
DR6=00000000ffff0ff0 DR7=0000000000000400
CCS=00000004 CCD=00006c18 CCO=EFLAGS  
EFER=0000000000000000
SMM: after RSM
EAX=000000b5 EBX=00007cf0 ECX=00005678 EDX=000eb350
ESI=07fbdc62 EDI=000eb350 EBP=00006c2c ESP=00006c2c
EIP=00007cf0 EFL=00000002 [-------] CPL=0 II=0 A20=1 SMM=0 HLT=0
ES =dc00 000dc000 ffffffff 00809300
CS =f000 000f0000 ffffffff 00809b00
SS =0000 00000000 ffffffff 00809300
DS =0000 00000000 ffffffff 00809300
FS =0000 00000000 ffffffff 00809300
GS =0000 00000000 ffffffff 00809300
LDT=0000 00000000 0000ffff 00008200
TR =0000 00000000 0000ffff 00008b00
GDT=     00000000 00000000
IDT=     00000000 000003ff
CR0=00000010 CR2=00000000 CR3=00000000 CR4=00000000
DR0=0000000000000000 DR1=0000000000000000 DR2=0000000000000000 DR3=0000000000000000 
DR6=00000000ffff0ff0 DR7=0000000000000400
CCS=00000000 CCD=00000001 CCO=EFLAGS  
EFER=0000000000000000
SMM: enter
EAX=000000b5 EBX=000f7cd6 ECX=00001234 EDX=0000dc00
ESI=07fbdc62 EDI=00006956 EBP=00006916 ESP=00006916
EIP=00007cd5 EFL=00000002 [-------] CPL=0 II=0 A20=1 SMM=0 HLT=0
ES =dc00 000dc000 ffffffff 008f9300
CS =f000 000f0000 ffffffff 008f9b00
SS =0000 00000000 ffffffff 008f9300
DS =0000 00000000 ffffffff 008f9300
FS =0000 00000000 ffffffff 008f9300
GS =ca00 000ca000 ffffffff 008f9300
LDT=0000 00000000 0000ffff 00008200
TR =0000 00000000 0000ffff 00008b00
GDT=     00000000 00000000
IDT=     00000000 000003ff
CR0=00000010 CR2=00000000 CR3=00000000 CR4=00000000
DR0=0000000000000000 DR1=0000000000000000 DR2=0000000000000000 DR3=0000000000000000 
DR6=00000000ffff0ff0 DR7=0000000000000400
CCS=00000000 CCD=00006916 CCO=EFLAGS  
EFER=0000000000000000
SMM: after RSM
EAX=000000b5 EBX=000f7cd6 ECX=00001234 EDX=0000dc00
ESI=07fbdc62 EDI=00006956 EBP=00006916 ESP=00006916
EIP=000f7cd6 EFL=00000002 [-------] CPL=0 II=0 A20=1 SMM=0 HLT=0
ES =0010 00000000 ffffffff 00c09300 DPL=0 DS   [-WA]
CS =0008 00000000 ffffffff 00c09b00 DPL=0 CS32 [-RA]
SS =0010 00000000 ffffffff 00c09300 DPL=0 DS   [-WA]
DS =0010 00000000 ffffffff 00c09300 DPL=0 DS   [-WA]
FS =0010 00000000 ffffffff 00c09300 DPL=0 DS   [-WA]
GS =0010 00000000 ffffffff 00c09300 DPL=0 DS   [-WA]
LDT=0000 00000000 0000ffff 00008200 DPL=0 LDT
TR =0000 00000000 0000ffff 00008b00 DPL=0 TSS32-busy
GDT=     000f6070 00000037
IDT=     000f60ae 00000000
CR0=00000011 CR2=00000000 CR3=00000000 CR4=00000000
DR0=0000000000000000 DR1=0000000000000000 DR2=0000000000000000 DR3=0000000000000000 
DR6=00000000ffff0ff0 DR7=0000000000000400
CCS=00000000 CCD=00000000 CCO=EFLAGS  
EFER=0000000000000000
SMM: enter
EAX=000000b5 EBX=00007cf0 ECX=00005678 EDX=00000005
ESI=07fbdc62 EDI=00000000 EBP=00006916 ESP=00006916
EIP=000f7cef EFL=00000012 [----A--] CPL=0 II=0 A20=1 SMM=0 HLT=0
ES =0010 00000000 ffffffff 00c09300 DPL=0 DS   [-WA]
CS =0008 00000000 ffffffff 00c09b00 DPL=0 CS32 [-RA]
SS =0010 00000000 ffffffff 00c09300 DPL=0 DS   [-WA]
DS =0010 00000000 ffffffff 00c09300 DPL=0 DS   [-WA]
FS =0010 00000000 ffffffff 00c09300 DPL=0 DS   [-WA]
GS =0010 00000000 ffffffff 00c09300 DPL=0 DS   [-WA]
LDT=0000 00000000 0000ffff 00008200 DPL=0 LDT
TR =0000 00000000 0000ffff 00008b00 DPL=0 TSS32-busy
GDT=     000f6070 00000037
IDT=     000f60ae 00000000
CR0=00000011 CR2=00000000 CR3=00000000 CR4=00000000
DR0=0000000000000000 DR1=0000000000000000 DR2=0000000000000000 DR3=0000000000000000 
DR6=00000000ffff0ff0 DR7=0000000000000400
CCS=00000010 CCD=00006902 CCO=EFLAGS  
EFER=0000000000000000
SMM: after RSM
EAX=000000b5 EBX=00007cf0 ECX=00005678 EDX=00000005
ESI=07fbdc62 EDI=00000000 EBP=00006916 ESP=00006916
EIP=00007cf0 EFL=00000002 [-------] CPL=0 II=0 A20=1 SMM=0 HLT=0
ES =dc00 000dc000 ffffffff 00809300
CS =f000 000f0000 ffffffff 00809b00
SS =0000 00000000 ffffffff 00809300
DS =0000 00000000 ffffffff 00809300
FS =0000 00000000 ffffffff 00809300
GS =ca00 000ca000 ffffffff 00809300
LDT=0000 00000000 0000ffff 00008200
TR =0000 00000000 0000ffff 00008b00
GDT=     00000000 00000000
IDT=     00000000 000003ff
CR0=00000010 CR2=00000000 CR3=00000000 CR4=00000000
DR0=0000000000000000 DR1=0000000000000000 DR2=0000000000000000 DR3=0000000000000000 
DR6=00000000ffff0ff0 DR7=0000000000000400
CCS=00000000 CCD=00000001 CCO=EFLAGS  
EFER=0000000000000000
SMM: enter
EAX=000000b5 EBX=000f7cd6 ECX=00001234 EDX=0000dc00
ESI=07fbdc62 EDI=00006950 EBP=00006910 ESP=00006910
EIP=00007cd5 EFL=00000002 [-------] CPL=0 II=0 A20=1 SMM=0 HLT=0
ES =dc00 000dc000 ffffffff 00809300
CS =f000 000f0000 ffffffff 00809b00
SS =0000 00000000 ffffffff 00809300
DS =0000 00000000 ffffffff 00809300
FS =0000 00000000 ffffffff 00809300
GS =ca00 000ca000 ffffffff 00809300
LDT=0000 00000000 0000ffff 00008200
TR =0000 00000000 0000ffff 00008b00
GDT=     00000000 00000000
IDT=     00000000 000003ff
CR0=00000010 CR2=00000000 CR3=00000000 CR4=00000000
DR0=0000000000000000 DR1=0000000000000000 DR2=0000000000000000 DR3=0000000000000000 
DR6=00000000ffff0ff0 DR7=0000000000000400
CCS=00000000 CCD=00006910 CCO=EFLAGS  
EFER=0000000000000000
SMM: after RSM
EAX=000000b5 EBX=000f7cd6 ECX=00001234 EDX=0000dc00
ESI=07fbdc62 EDI=00006950 EBP=00006910 ESP=00006910
EIP=000f7cd6 EFL=00000002 [-------] CPL=0 II=0 A20=1 SMM=0 HLT=0
ES =0010 00000000 ffffffff 00c09300 DPL=0 DS   [-WA]
CS =0008 00000000 ffffffff 00c09b00 DPL=0 CS32 [-RA]
SS =0010 00000000 ffffffff 00c09300 DPL=0 DS   [-WA]
DS =0010 00000000 ffffffff 00c09300 DPL=0 DS   [-WA]
FS =0010 00000000 ffffffff 00c09300 DPL=0 DS   [-WA]
GS =0010 00000000 ffffffff 00c09300 DPL=0 DS   [-WA]
LDT=0000 00000000 0000ffff 00008200 DPL=0 LDT
TR =0000 00000000 0000ffff 00008b00 DPL=0 TSS32-busy
GDT=     000f6070 00000037
IDT=     000f60ae 00000000
CR0=00000011 CR2=00000000 CR3=00000000 CR4=00000000
DR0=0000000000000000 DR1=0000000000000000 DR2=0000000000000000 DR3=0000000000000000 
DR6=00000000ffff0ff0 DR7=0000000000000400
CCS=00000000 CCD=00000000 CCO=EFLAGS  
EFER=0000000000000000
SMM: enter
EAX=000000b5 EBX=00007cf0 ECX=00005678 EDX=07fa97a4
ESI=07fbdc62 EDI=07f909d0 EBP=00006910 ESP=00006910
EIP=000f7cef EFL=00000006 [-----P-] CPL=0 II=0 A20=1 SMM=0 HLT=0
ES =0010 00000000 ffffffff 00c09300 DPL=0 DS   [-WA]
CS =0008 00000000 ffffffff 00c09b00 DPL=0 CS32 [-RA]
SS =0010 00000000 ffffffff 00c09300 DPL=0 DS   [-WA]
DS =0010 00000000 ffffffff 00c09300 DPL=0 DS   [-WA]
FS =0010 00000000 ffffffff 00c09300 DPL=0 DS   [-WA]
GS =0010 00000000 ffffffff 00c09300 DPL=0 DS   [-WA]
LDT=0000 00000000 0000ffff 00008200 DPL=0 LDT
TR =0000 00000000 0000ffff 00008b00 DPL=0 TSS32-busy
GDT=     000f6070 00000037
IDT=     000f60ae 00000000
CR0=00000011 CR2=00000000 CR3=00000000 CR4=00000000
DR0=0000000000000000 DR1=0000000000000000 DR2=0000000000000000 DR3=0000000000000000 
DR6=00000000ffff0ff0 DR7=0000000000000400
CCS=00000004 CCD=000068fc CCO=EFLAGS  
EFER=0000000000000000
SMM: after RSM
EAX=000000b5 EBX=00007cf0 ECX=00005678 EDX=07fa97a4
ESI=07fbdc62 EDI=07f909d0 EBP=00006910 ESP=00006910
EIP=00007cf0 EFL=00000002 [-------] CPL=0 II=0 A20=1 SMM=0 HLT=0
ES =dc00 000dc000 ffffffff 00809300
CS =f000 000f0000 ffffffff 00809b00
SS =0000 00000000 ffffffff 00809300
DS =0000 00000000 ffffffff 00809300
FS =0000 00000000 ffffffff 00809300
GS =ca00 000ca000 ffffffff 00809300
LDT=0000 00000000 0000ffff 00008200
TR =0000 00000000 0000ffff 00008b00
GDT=     00000000 00000000
IDT=     00000000 000003ff
CR0=00000010 CR2=00000000 CR3=00000000 CR4=00000000
DR0=0000000000000000 DR1=0000000000000000 DR2=0000000000000000 DR3=0000000000000000 
DR6=00000000ffff0ff0 DR7=0000000000000400
CCS=00000000 CCD=00000001 CCO=EFLAGS  
EFER=0000000000000000
SMM: enter
EAX=000000b5 EBX=000f7cd6 ECX=00001234 EDX=0000dc00
ESI=07fbdc62 EDI=00006956 EBP=00006916 ESP=00006916
EIP=00007cd5 EFL=00000002 [-------] CPL=0 II=0 A20=1 SMM=0 HLT=0
ES =dc00 000dc000 ffffffff 00809300
CS =f000 000f0000 ffffffff 00809b00
SS =0000 00000000 ffffffff 00809300
DS =0000 00000000 ffffffff 00809300
FS =0000 00000000 ffffffff 00809300
GS =ca00 000ca000 ffffffff 00809300
LDT=0000 00000000 0000ffff 00008200
TR =0000 00000000 0000ffff 00008b00
GDT=     00000000 00000000
IDT=     00000000 000003ff
CR0=00000010 CR2=00000000 CR3=00000000 CR4=00000000
DR0=0000000000000000 DR1=0000000000000000 DR2=0000000000000000 DR3=0000000000000000 
DR6=00000000ffff0ff0 DR7=0000000000000400
CCS=00000000 CCD=00006916 CCO=EFLAGS  
EFER=0000000000000000
SMM: after RSM
EAX=000000b5 EBX=000f7cd6 ECX=00001234 EDX=0000dc00
ESI=07fbdc62 EDI=00006956 EBP=00006916 ESP=00006916
EIP=000f7cd6 EFL=00000002 [-------] CPL=0 II=0 A20=1 SMM=0 HLT=0
ES =0010 00000000 ffffffff 00c09300 DPL=0 DS   [-WA]
CS =0008 00000000 ffffffff 00c09b00 DPL=0 CS32 [-RA]
SS =0010 00000000 ffffffff 00c09300 DPL=0 DS   [-WA]
DS =0010 00000000 ffffffff 00c09300 DPL=0 DS   [-WA]
FS =0010 00000000 ffffffff 00c09300 DPL=0 DS   [-WA]
GS =0010 00000000 ffffffff 00c09300 DPL=0 DS   [-WA]
LDT=0000 00000000 0000ffff 00008200 DPL=0 LDT
TR =0000 00000000 0000ffff 00008b00 DPL=0 TSS32-busy
GDT=     000f6070 00000037
IDT=     000f60ae 00000000
CR0=00000011 CR2=00000000 CR3=00000000 CR4=00000000
DR0=0000000000000000 DR1=0000000000000000 DR2=0000000000000000 DR3=0000000000000000 
DR6=00000000ffff0ff0 DR7=0000000000000400
CCS=00000000 CCD=00000000 CCO=EFLAGS  
EFER=0000000000000000
SMM: enter
EAX=000000b5 EBX=00007cf0 ECX=00005678 EDX=00000005
ESI=07fbdc62 EDI=00000000 EBP=00006916 ESP=00006916
EIP=000f7cef EFL=00000012 [----A--] CPL=0 II=0 A20=1 SMM=0 HLT=0
ES =0010 00000000 ffffffff 00c09300 DPL=0 DS   [-WA]
CS =0008 00000000 ffffffff 00c09b00 DPL=0 CS32 [-RA]
SS =0010 00000000 ffffffff 00c09300 DPL=0 DS   [-WA]
DS =0010 00000000 ffffffff 00c09300 DPL=0 DS   [-WA]
FS =0010 00000000 ffffffff 00c09300 DPL=0 DS   [-WA]
GS =0010 00000000 ffffffff 00c09300 DPL=0 DS   [-WA]
LDT=0000 00000000 0000ffff 00008200 DPL=0 LDT
TR =0000 00000000 0000ffff 00008b00 DPL=0 TSS32-busy
GDT=     000f6070 00000037
IDT=     000f60ae 00000000
CR0=00000011 CR2=00000000 CR3=00000000 CR4=00000000
DR0=0000000000000000 DR1=0000000000000000 DR2=0000000000000000 DR3=0000000000000000 
DR6=00000000ffff0ff0 DR7=0000000000000400
CCS=00000010 CCD=00006902 CCO=EFLAGS  
EFER=0000000000000000
SMM: after RSM
EAX=000000b5 EBX=00007cf0 ECX=00005678 EDX=00000005
ESI=07fbdc62 EDI=00000000 EBP=00006916 ESP=00006916
EIP=00007cf0 EFL=00000002 [-------] CPL=0 II=0 A20=1 SMM=0 HLT=0
ES =dc00 000dc000 ffffffff 00809300
CS =f000 000f0000 ffffffff 00809b00
SS =0000 00000000 ffffffff 00809300
DS =0000 00000000 ffffffff 00809300
FS =0000 00000000 ffffffff 00809300
GS =ca00 000ca000 ffffffff 00809300
LDT=0000 00000000 0000ffff 00008200
TR =0000 00000000 0000ffff 00008b00
GDT=     00000000 00000000
IDT=     00000000 000003ff
CR0=00000010 CR2=00000000 CR3=00000000 CR4=00000000
DR0=0000000000000000 DR1=0000000000000000 DR2=0000000000000000 DR3=0000000000000000 
DR6=00000000ffff0ff0 DR7=0000000000000400
CCS=00000000 CCD=00000001 CCO=EFLAGS  
EFER=0000000000000000
SMM: enter
EAX=000000b5 EBX=000f7cd6 ECX=00001234 EDX=0000dc00
ESI=07fbdc62 EDI=00006950 EBP=00006910 ESP=00006910
EIP=00007cd5 EFL=00000002 [-------] CPL=0 II=0 A20=1 SMM=0 HLT=0
ES =dc00 000dc000 ffffffff 00809300
CS =f000 000f0000 ffffffff 00809b00
SS =0000 00000000 ffffffff 00809300
DS =0000 00000000 ffffffff 00809300
FS =0000 00000000 ffffffff 00809300
GS =ca00 000ca000 ffffffff 00809300
LDT=0000 00000000 0000ffff 00008200
TR =0000 00000000 0000ffff 00008b00
GDT=     00000000 00000000
IDT=     00000000 000003ff
CR0=00000010 CR2=00000000 CR3=00000000 CR4=00000000
DR0=0000000000000000 DR1=0000000000000000 DR2=0000000000000000 DR3=0000000000000000 
DR6=00000000ffff0ff0 DR7=0000000000000400
CCS=00000000 CCD=00006910 CCO=EFLAGS  
EFER=0000000000000000
SMM: after RSM
EAX=000000b5 EBX=000f7cd6 ECX=00001234 EDX=0000dc00
ESI=07fbdc62 EDI=00006950 EBP=00006910 ESP=00006910
EIP=000f7cd6 EFL=00000002 [-------] CPL=0 II=0 A20=1 SMM=0 HLT=0
ES =0010 00000000 ffffffff 00c09300 DPL=0 DS   [-WA]
CS =0008 00000000 ffffffff 00c09b00 DPL=0 CS32 [-RA]
SS =0010 00000000 ffffffff 00c09300 DPL=0 DS   [-WA]
DS =0010 00000000 ffffffff 00c09300 DPL=0 DS   [-WA]
FS =0010 00000000 ffffffff 00c09300 DPL=0 DS   [-WA]
GS =0010 00000000 ffffffff 00c09300 DPL=0 DS   [-WA]
LDT=0000 00000000 0000ffff 00008200 DPL=0 LDT
TR =0000 00000000 0000ffff 00008b00 DPL=0 TSS32-busy
GDT=     000f6070 00000037
IDT=     000f60ae 00000000
CR0=00000011 CR2=00000000 CR3=00000000 CR4=00000000
DR0=0000000000000000 DR1=0000000000000000 DR2=0000000000000000 DR3=0000000000000000 
DR6=00000000ffff0ff0 DR7=0000000000000400
CCS=00000000 CCD=00000000 CCO=EFLAGS  
EFER=0000000000000000
SMM: enter
EAX=000000b5 EBX=00007cf0 ECX=00005678 EDX=07fa95f4
ESI=07fbdc62 EDI=07ef09d0 EBP=00006910 ESP=00006910
EIP=000f7cef EFL=00000006 [-----P-] CPL=0 II=0 A20=1 SMM=0 HLT=0
ES =0010 00000000 ffffffff 00c09300 DPL=0 DS   [-WA]
CS =0008 00000000 ffffffff 00c09b00 DPL=0 CS32 [-RA]
SS =0010 00000000 ffffffff 00c09300 DPL=0 DS   [-WA]
DS =0010 00000000 ffffffff 00c09300 DPL=0 DS   [-WA]
FS =0010 00000000 ffffffff 00c09300 DPL=0 DS   [-WA]
GS =0010 00000000 ffffffff 00c09300 DPL=0 DS   [-WA]
LDT=0000 00000000 0000ffff 00008200 DPL=0 LDT
TR =0000 00000000 0000ffff 00008b00 DPL=0 TSS32-busy
GDT=     000f6070 00000037
IDT=     000f60ae 00000000
CR0=00000011 CR2=00000000 CR3=00000000 CR4=00000000
DR0=0000000000000000 DR1=0000000000000000 DR2=0000000000000000 DR3=0000000000000000 
DR6=00000000ffff0ff0 DR7=0000000000000400
CCS=00000004 CCD=000068fc CCO=EFLAGS  
EFER=0000000000000000
SMM: after RSM
EAX=000000b5 EBX=00007cf0 ECX=00005678 EDX=07fa95f4
ESI=07fbdc62 EDI=07ef09d0 EBP=00006910 ESP=00006910
EIP=00007cf0 EFL=00000002 [-------] CPL=0 II=0 A20=1 SMM=0 HLT=0
ES =dc00 000dc000 ffffffff 00809300
CS =f000 000f0000 ffffffff 00809b00
SS =0000 00000000 ffffffff 00809300
DS =0000 00000000 ffffffff 00809300
FS =0000 00000000 ffffffff 00809300
GS =ca00 000ca000 ffffffff 00809300
LDT=0000 00000000 0000ffff 00008200
TR =0000 00000000 0000ffff 00008b00
GDT=     00000000 00000000
IDT=     00000000 000003ff
CR0=00000010 CR2=00000000 CR3=00000000 CR4=00000000
DR0=0000000000000000 DR1=0000000000000000 DR2=0000000000000000 DR3=0000000000000000 
DR6=00000000ffff0ff0 DR7=0000000000000400
CCS=00000000 CCD=00000001 CCO=EFLAGS  
EFER=0000000000000000
check_exception old: 0xffffffff new 0xe
     7: v=0e e=0002 i=0 cpl=0 IP=0008:0000000000203ce1 pc=0000000000203ce1 SP=0000:0000010000002000 CR2=0000010000001ff8
RAX=0000010000201e28 RBX=0000000000006672 RCX=0000000000000fff RDX=0000000000220490
RSI=0000000000000002 RDI=0000010000201e18 RBP=0000008040201000 RSP=0000010000002000
R8 =0000000000000004 R9 =0000000000000004 R10=0000000000000000 R11=0000000000220460
R12=0000010000000000 R13=0000000000006002 R14=0000000000006672 R15=0000000000005ff2
RIP=0000000000203ce1 RFL=00000002 [-------] CPL=0 II=0 A20=1 SMM=0 HLT=0
ES =0010 0000000000000000 ffffffff 00cf9300 DPL=0 DS   [-WA]
CS =0008 0000000000000000 00000000 00209800 DPL=0 CS64 [---]
SS =0000 0000000000000000 00000000 00000000
DS =0010 0000000000000000 ffffffff 00cf9300 DPL=0 DS   [-WA]
FS =0000 0000000000000000 0000ffff 00009300 DPL=0 DS   [-WA]
GS =0000 0000000000000000 0000ffff 00009300 DPL=0 DS   [-WA]
LDT=0000 0000000000000000 0000ffff 00008200 DPL=0 LDT
TR =0010 00000000002224a9 00000067 00008900 DPL=0 TSS64-avl
GDT=     0000000000222528 0000003f
IDT=     0000000000220490 00000fff
CR0=80010011 CR2=0000010000001ff8 CR3=0000000000001000 CR4=00000020
DR0=0000000000000000 DR1=0000000000000000 DR2=0000000000000000 DR3=0000000000000000 
DR6=00000000ffff0ff0 DR7=0000000000000400
CCS=0000000000000038 CCD=0000010000201e38 CCO=ADDQ    
EFER=0000000000000d00
check_exception old: 0xe new 0xb
     8: v=08 e=0000 i=0 cpl=0 IP=0008:0000000000203ce1 pc=0000000000203ce1 SP=0000:0000010000002000 env->regs[R_EAX]=0000010000201e28
RAX=0000010000201e28 RBX=0000000000006672 RCX=0000000000000fff RDX=0000000000220490
RSI=0000000000000002 RDI=0000010000201e18 RBP=0000008040201000 RSP=0000010000002000
R8 =0000000000000004 R9 =0000000000000004 R10=0000000000000000 R11=0000000000220460
R12=0000010000000000 R13=0000000000006002 R14=0000000000006672 R15=0000000000005ff2
RIP=0000000000203ce1 RFL=00000002 [-------] CPL=0 II=0 A20=1 SMM=0 HLT=0
ES =0010 0000000000000000 ffffffff 00cf9300 DPL=0 DS   [-WA]
CS =0008 0000000000000000 00000000 00209800 DPL=0 CS64 [---]
SS =0000 0000000000000000 00000000 00000000
DS =0010 0000000000000000 ffffffff 00cf9300 DPL=0 DS   [-WA]
FS =0000 0000000000000000 0000ffff 00009300 DPL=0 DS   [-WA]
GS =0000 0000000000000000 0000ffff 00009300 DPL=0 DS   [-WA]
LDT=0000 0000000000000000 0000ffff 00008200 DPL=0 LDT
TR =0010 00000000002224a9 00000067 00008900 DPL=0 TSS64-avl
GDT=     0000000000222528 0000003f
IDT=     0000000000220490 00000fff
CR0=80010011 CR2=0000010000001ff8 CR3=0000000000001000 CR4=00000020
DR0=0000000000000000 DR1=0000000000000000 DR2=0000000000000000 DR3=0000000000000000 
DR6=00000000ffff0ff0 DR7=0000000000000400
CCS=0000000000000038 CCD=0000010000201e38 CCO=ADDQ    
EFER=0000000000000d00
check_exception old: 0xffffffff new 0xe
     9: v=0e e=0000 i=0 cpl=0 IP=0008:000000000020490f pc=000000000020490f SP=0000:00000000002206b8 CR2=00000000000000a8
RAX=00000000000000a8 RBX=0000000000006672 RCX=0000000000000000 RDX=0000000000000000
RSI=0000000000000001 RDI=00000000000000a8 RBP=0000008040201000 RSP=00000000002206b8
R8 =0000000000000001 R9 =0000000000000001 R10=00000000002208e0 R11=0000000000220ea8
R12=0000010000000000 R13=0000000000006002 R14=0000000000006672 R15=0000000000005ff2
RIP=000000000020490f RFL=00000046 [---Z-P-] CPL=0 II=0 A20=1 SMM=0 HLT=0
ES =0010 0000000000000000 ffffffff 00cf9300 DPL=0 DS   [-WA]
CS =0008 0000000000000000 00000000 00209800 DPL=0 CS64 [---]
SS =0000 0000000000000000 00000000 00000000
DS =0010 0000000000000000 ffffffff 00cf9300 DPL=0 DS   [-WA]
FS =0000 0000000000000000 0000ffff 00009300 DPL=0 DS   [-WA]
GS =0000 0000000000000000 0000ffff 00009300 DPL=0 DS   [-WA]
LDT=0000 0000000000000000 0000ffff 00008200 DPL=0 LDT
TR =0010 00000000002224a9 00000067 00008900 DPL=0 TSS64-avl
GDT=     0000000000222528 0000003f
IDT=     0000000000220490 00000fff
CR0=80010011 CR2=00000000000000a8 CR3=0000000000001000 CR4=00000020
DR0=0000000000000000 DR1=0000000000000000 DR2=0000000000000000 DR3=0000000000000000 
DR6=00000000ffff0ff0 DR7=0000000000000400
CCS=0000000000000038 CCD=0000000000000000 CCO=LOGICB  
EFER=0000000000000d00
check_exception old: 0xe new 0xd
    10: v=08 e=0000 i=0 cpl=0 IP=0008:000000000020490f pc=000000000020490f SP=0000:00000000002206b8 env->regs[R_EAX]=00000000000000a8
RAX=00000000000000a8 RBX=0000000000006672 RCX=0000000000000000 RDX=0000000000000000
RSI=0000000000000001 RDI=00000000000000a8 RBP=0000008040201000 RSP=00000000002206b8
R8 =0000000000000001 R9 =0000000000000001 R10=00000000002208e0 R11=0000000000220ea8
R12=0000010000000000 R13=0000000000006002 R14=0000000000006672 R15=0000000000005ff2
RIP=000000000020490f RFL=00000046 [---Z-P-] CPL=0 II=0 A20=1 SMM=0 HLT=0
ES =0010 0000000000000000 ffffffff 00cf9300 DPL=0 DS   [-WA]
CS =0008 0000000000000000 00000000 00209800 DPL=0 CS64 [---]
SS =0000 0000000000000000 00000000 00000000
DS =0010 0000000000000000 ffffffff 00cf9300 DPL=0 DS   [-WA]
FS =0000 0000000000000000 0000ffff 00009300 DPL=0 DS   [-WA]
GS =0000 0000000000000000 0000ffff 00009300 DPL=0 DS   [-WA]
LDT=0000 0000000000000000 0000ffff 00008200 DPL=0 LDT
TR =0010 00000000002224a9 00000067 00008900 DPL=0 TSS64-avl
GDT=     0000000000222528 0000003f
IDT=     0000000000220490 00000fff
CR0=80010011 CR2=00000000000000a8 CR3=0000000000001000 CR4=00000020
DR0=0000000000000000 DR1=0000000000000000 DR2=0000000000000000 DR3=0000000000000000 
DR6=00000000ffff0ff0 DR7=0000000000000400
CCS=0000000000000038 CCD=0000000000000000 CCO=LOGICB  
EFER=0000000000000d00
check_exception old: 0x8 new 0xd
    11: v=03 e=0000 i=1 cpl=0 IP=0008:00000000000f17ab pc=00000000000f17ab SP=0010:0000000000000fb4 env->regs[R_EAX]=00000000000f6006
EAX=000f6006 EBX=00000000 ECX=00000000 EDX=00000cf9
ESI=00000000 EDI=00100000 EBP=00000000 ESP=00000fb4
EIP=000f17ab EFL=00000006 [-----P-] CPL=0 II=0 A20=1 SMM=0 HLT=0
ES =0010 00000000 ffffffff 00cf9300 DPL=0 DS   [-WA]
CS =0008 00000000 ffffffff 00cf9b00 DPL=0 CS32 [-RA]
SS =0010 00000000 ffffffff 00cf9300 DPL=0 DS   [-WA]
DS =0010 00000000 ffffffff 00cf9300 DPL=0 DS   [-WA]
FS =0010 00000000 ffffffff 00cf9300 DPL=0 DS   [-WA]
GS =0010 00000000 ffffffff 00cf9300 DPL=0 DS   [-WA]
LDT=0000 00000000 0000ffff 00008200 DPL=0 LDT
TR =0000 00000000 0000ffff 00008b00 DPL=0 TSS32-busy
GDT=     000f6070 00000037
IDT=     000f60ae 00000000
CR0=00000011 CR2=00000000 CR3=00000000 CR4=00000000
DR0=0000000000000000 DR1=0000000000000000 DR2=0000000000000000 DR3=0000000000000000 
DR6=00000000ffff0ff0 DR7=0000000000000400
CCS=000f60b8 CCD=00009f44 CCO=SUBL    
EFER=0000000000000000
check_exception old: 0xffffffff new 0xd
    12: v=0d e=001a i=0 cpl=0 IP=0008:00000000000f17ab pc=00000000000f17ab SP=0010:0000000000000fb4 env->regs[R_EAX]=00000000000f6006
EAX=000f6006 EBX=00000000 ECX=00000000 EDX=00000cf9
ESI=00000000 EDI=00100000 EBP=00000000 ESP=00000fb4
EIP=000f17ab EFL=00000006 [-----P-] CPL=0 II=0 A20=1 SMM=0 HLT=0
ES =0010 00000000 ffffffff 00cf9300 DPL=0 DS   [-WA]
CS =0008 00000000 ffffffff 00cf9b00 DPL=0 CS32 [-RA]
SS =0010 00000000 ffffffff 00cf9300 DPL=0 DS   [-WA]
DS =0010 00000000 ffffffff 00cf9300 DPL=0 DS   [-WA]
FS =0010 00000000 ffffffff 00cf9300 DPL=0 DS   [-WA]
GS =0010 00000000 ffffffff 00cf9300 DPL=0 DS   [-WA]
LDT=0000 00000000 0000ffff 00008200 DPL=0 LDT
TR =0000 00000000 0000ffff 00008b00 DPL=0 TSS32-busy
GDT=     000f6070 00000037
IDT=     000f60ae 00000000
CR0=00000011 CR2=00000000 CR3=00000000 CR4=00000000
DR0=0000000000000000 DR1=0000000000000000 DR2=0000000000000000 DR3=0000000000000000 
DR6=00000000ffff0ff0 DR7=0000000000000400
CCS=000f60b8 CCD=00009f44 CCO=SUBL    
EFER=0000000000000000
check_exception old: 0xd new 0xd
    13: v=08 e=0000 i=0 cpl=0 IP=0008:00000000000f17ab pc=00000000000f17ab SP=0010:0000000000000fb4 env->regs[R_EAX]=00000000000f6006
EAX=000f6006 EBX=00000000 ECX=00000000 EDX=00000cf9
ESI=00000000 EDI=00100000 EBP=00000000 ESP=00000fb4
EIP=000f17ab EFL=00000006 [-----P-] CPL=0 II=0 A20=1 SMM=0 HLT=0
ES =0010 00000000 ffffffff 00cf9300 DPL=0 DS   [-WA]
CS =0008 00000000 ffffffff 00cf9b00 DPL=0 CS32 [-RA]
SS =0010 00000000 ffffffff 00cf9300 DPL=0 DS   [-WA]
DS =0010 00000000 ffffffff 00cf9300 DPL=0 DS   [-WA]
FS =0010 00000000 ffffffff 00cf9300 DPL=0 DS   [-WA]
GS =0010 00000000 ffffffff 00cf9300 DPL=0 DS   [-WA]
LDT=0000 00000000 0000ffff 00008200 DPL=0 LDT
TR =0000 00000000 0000ffff 00008b00 DPL=0 TSS32-busy
GDT=     000f6070 00000037
IDT=     000f60ae 00000000
CR0=00000011 CR2=00000000 CR3=00000000 CR4=00000000
DR0=0000000000000000 DR1=0000000000000000 DR2=0000000000000000 DR3=0000000000000000 
DR6=00000000ffff0ff0 DR7=0000000000000400
CCS=000f60b8 CCD=00009f44 CCO=SUBL    
EFER=0000000000000000
check_exception old: 0x8 new 0xd
SMM: enter
EAX=00000001 EBX=0000000b ECX=02000000 EDX=02000628
ESI=00000000 EDI=02000000 EBP=07fa9a30 ESP=00006c50
EIP=000ec8c4 EFL=00000002 [-------] CPL=0 II=0 A20=1 SMM=0 HLT=0
ES =0010 00000000 ffffffff 00cf9300 DPL=0 DS   [-WA]
CS =0008 00000000 ffffffff 00cf9b00 DPL=0 CS32 [-RA]
SS =0010 00000000 ffffffff 00cf9300 DPL=0 DS   [-WA]
DS =0010 00000000 ffffffff 00cf9300 DPL=0 DS   [-WA]
FS =0010 00000000 ffffffff 00cf9300 DPL=0 DS   [-WA]
GS =0010 00000000 ffffffff 00cf9300 DPL=0 DS   [-WA]
LDT=0000 00000000 0000ffff 00008200 DPL=0 LDT
TR =0000 00000000 0000ffff 00008b00 DPL=0 TSS32-busy
GDT=     000f6070 00000037
IDT=     000f60ae 00000000
CR0=00000011 CR2=00000000 CR3=00000000 CR4=00000000
DR0=0000000000000000 DR1=0000000000000000 DR2=0000000000000000 DR3=0000000000000000 
DR6=00000000ffff0ff0 DR7=0000000000000400
CCS=00007113 CCD=00000001 CCO=LOGICB  
EFER=0000000000000000
SMM: after RSM
EAX=00000001 EBX=0000000b ECX=02000000 EDX=02000628
ESI=00000000 EDI=02000000 EBP=07fa9a30 ESP=00006c50
EIP=000ec8c4 EFL=00000002 [-------] CPL=0 II=0 A20=1 SMM=0 HLT=0
ES =0010 00000000 ffffffff 00c09300 DPL=0 DS   [-WA]
CS =0008 00000000 ffffffff 00c09b00 DPL=0 CS32 [-RA]
SS =0010 00000000 ffffffff 00c09300 DPL=0 DS   [-WA]
DS =0010 00000000 ffffffff 00c09300 DPL=0 DS   [-WA]
FS =0010 00000000 ffffffff 00c09300 DPL=0 DS   [-WA]
GS =0010 00000000 ffffffff 00c09300 DPL=0 DS   [-WA]
LDT=0000 00000000 0000ffff 00008200 DPL=0 LDT
TR =0000 00000000 0000ffff 00008b00 DPL=0 TSS32-busy
GDT=     000f6070 00000037
IDT=     000f60ae 00000000
CR0=00000011 CR2=00000000 CR3=00000000 CR4=00000000
DR0=0000000000000000 DR1=0000000000000000 DR2=0000000000000000 DR3=0000000000000000 
DR6=00000000ffff0ff0 DR7=0000000000000400
CCS=00000000 CCD=00000000 CCO=EFLAGS  
EFER=0000000000000000
SMM: enter
EAX=000000b5 EBX=000f7cd6 ECX=00001234 EDX=0000dc00
ESI=07fbdc62 EDI=00006c6c EBP=00006c2c ESP=00006c2c
EIP=00007cd5 EFL=00000002 [-------] CPL=0 II=0 A20=1 SMM=0 HLT=0
ES =dc00 000dc000 ffffffff 008f9300
CS =f000 000f0000 ffffffff 008f9b00
SS =0000 00000000 ffffffff 008f9300
DS =0000 00000000 ffffffff 008f9300
FS =0000 00000000 ffffffff 008f9300
GS =0000 00000000 ffffffff 008f9300
LDT=0000 00000000 0000ffff 00008200
TR =0000 00000000 0000ffff 00008b00
GDT=     00000000 00000000
IDT=     00000000 000003ff
CR0=00000010 CR2=00000000 CR3=00000000 CR4=00000000
DR0=0000000000000000 DR1=0000000000000000 DR2=0000000000000000 DR3=0000000000000000 
DR6=00000000ffff0ff0 DR7=0000000000000400
CCS=00000000 CCD=00006c2c CCO=EFLAGS  
EFER=0000000000000000
SMM: after RSM
EAX=000000b5 EBX=000f7cd6 ECX=00001234 EDX=0000dc00
ESI=07fbdc62 EDI=00006c6c EBP=00006c2c ESP=00006c2c
EIP=000f7cd6 EFL=00000002 [-------] CPL=0 II=0 A20=1 SMM=0 HLT=0
ES =0010 00000000 ffffffff 00c09300 DPL=0 DS   [-WA]
CS =0008 00000000 ffffffff 00c09b00 DPL=0 CS32 [-RA]
SS =0010 00000000 ffffffff 00c09300 DPL=0 DS   [-WA]
DS =0010 00000000 ffffffff 00c09300 DPL=0 DS   [-WA]
FS =0010 00000000 ffffffff 00c09300 DPL=0 DS   [-WA]
GS =0010 00000000 ffffffff 00c09300 DPL=0 DS   [-WA]
LDT=0000 00000000 0000ffff 00008200 DPL=0 LDT
TR =0000 00000000 0000ffff 00008b00 DPL=0 TSS32-busy
GDT=     000f6070 00000037
IDT=     000f60ae 00000000
CR0=00000011 CR2=00000000 CR3=00000000 CR4=00000000
DR0=0000000000000000 DR1=0000000000000000 DR2=0000000000000000 DR3=0000000000000000 
DR6=00000000ffff0ff0 DR7=0000000000000400
CCS=00000000 CCD=00000000 CCO=EFLAGS  
EFER=0000000000000000
SMM: enter
EAX=000000b5 EBX=00007cf0 ECX=00005678 EDX=000eb350
ESI=07fbdc62 EDI=000eb350 EBP=00006c2c ESP=00006c2c
EIP=000f7cef EFL=00000006 [-----P-] CPL=0 II=0 A20=1 SMM=0 HLT=0
ES =0010 00000000 ffffffff 00c09300 DPL=0 DS   [-WA]
CS =0008 00000000 ffffffff 00c09b00 DPL=0 CS32 [-RA]
SS =0010 00000000 ffffffff 00c09300 DPL=0 DS   [-WA]
DS =0010 00000000 ffffffff 00c09300 DPL=0 DS   [-WA]
FS =0010 00000000 ffffffff 00c09300 DPL=0 DS   [-WA]
GS =0010 00000000 ffffffff 00c09300 DPL=0 DS   [-WA]
LDT=0000 00000000 0000ffff 00008200 DPL=0 LDT
TR =0000 00000000 0000ffff 00008b00 DPL=0 TSS32-busy
GDT=     000f6070 00000037
IDT=     000f60ae 00000000
CR0=00000011 CR2=00000000 CR3=00000000 CR4=00000000
DR0=0000000000000000 DR1=0000000000000000 DR2=0000000000000000 DR3=0000000000000000 
DR6=00000000ffff0ff0 DR7=0000000000000400
CCS=00000004 CCD=00006c18 CCO=EFLAGS  
EFER=0000000000000000
SMM: after RSM
EAX=000000b5 EBX=00007cf0 ECX=00005678 EDX=000eb350
ESI=07fbdc62 EDI=000eb350 EBP=00006c2c ESP=00006c2c
EIP=00007cf0 EFL=00000002 [-------] CPL=0 II=0 A20=1 SMM=0 HLT=0
ES =dc00 000dc000 ffffffff 00809300
CS =f000 000f0000 ffffffff 00809b00
SS =0000 00000000 ffffffff 00809300
DS =0000 00000000 ffffffff 00809300
FS =0000 00000000 ffffffff 00809300
GS =0000 00000000 ffffffff 00809300
LDT=0000 00000000 0000ffff 00008200
TR =0000 00000000 0000ffff 00008b00
GDT=     00000000 00000000
IDT=     00000000 000003ff
CR0=00000010 CR2=00000000 CR3=00000000 CR4=00000000
DR0=0000000000000000 DR1=0000000000000000 DR2=0000000000000000 DR3=0000000000000000 
DR6=00000000ffff0ff0 DR7=0000000000000400
CCS=00000000 CCD=00000001 CCO=EFLAGS  
EFER=0000000000000000
SMM: enter
EAX=000000b5 EBX=000f7cd6 ECX=00001234 EDX=0000dc00
ESI=07fbdc62 EDI=00006956 EBP=00006916 ESP=00006916
EIP=00007cd5 EFL=00000002 [-------] CPL=0 II=0 A20=1 SMM=0 HLT=0
ES =dc00 000dc000 ffffffff 008f9300
CS =f000 000f0000 ffffffff 008f9b00
SS =0000 00000000 ffffffff 008f9300
DS =0000 00000000 ffffffff 008f9300
FS =0000 00000000 ffffffff 008f9300
GS =ca00 000ca000 ffffffff 008f9300
LDT=0000 00000000 0000ffff 00008200
TR =0000 00000000 0000ffff 00008b00
GDT=     00000000 00000000
IDT=     00000000 000003ff
CR0=00000010 CR2=00000000 CR3=00000000 CR4=00000000
DR0=0000000000000000 DR1=0000000000000000 DR2=0000000000000000 DR3=0000000000000000 
DR6=00000000ffff0ff0 DR7=0000000000000400
CCS=00000000 CCD=00006916 CCO=EFLAGS  
EFER=0000000000000000
SMM: after RSM
EAX=000000b5 EBX=000f7cd6 ECX=00001234 EDX=0000dc00
ESI=07fbdc62 EDI=00006956 EBP=00006916 ESP=00006916
EIP=000f7cd6 EFL=00000002 [-------] CPL=0 II=0 A20=1 SMM=0 HLT=0
ES =0010 00000000 ffffffff 00c09300 DPL=0 DS   [-WA]
CS =0008 00000000 ffffffff 00c09b00 DPL=0 CS32 [-RA]
SS =0010 00000000 ffffffff 00c09300 DPL=0 DS   [-WA]
DS =0010 00000000 ffffffff 00c09300 DPL=0 DS   [-WA]
FS =0010 00000000 ffffffff 00c09300 DPL=0 DS   [-WA]
GS =0010 00000000 ffffffff 00c09300 DPL=0 DS   [-WA]
LDT=0000 00000000 0000ffff 00008200 DPL=0 LDT
TR =0000 00000000 0000ffff 00008b00 DPL=0 TSS32-busy
GDT=     000f6070 00000037
IDT=     000f60ae 00000000
CR0=00000011 CR2=00000000 CR3=00000000 CR4=00000000
DR0=0000000000000000 DR1=0000000000000000 DR2=0000000000000000 DR3=0000000000000000 
DR6=00000000ffff0ff0 DR7=0000000000000400
CCS=00000000 CCD=00000000 CCO=EFLAGS  
EFER=0000000000000000
SMM: enter
EAX=000000b5 EBX=00007cf0 ECX=00005678 EDX=00000005
ESI=07fbdc62 EDI=00000000 EBP=00006916 ESP=00006916
EIP=000f7cef EFL=00000012 [----A--] CPL=0 II=0 A20=1 SMM=0 HLT=0
ES =0010 00000000 ffffffff 00c09300 DPL=0 DS   [-WA]
CS =0008 00000000 ffffffff 00c09b00 DPL=0 CS32 [-RA]
SS =0010 00000000 ffffffff 00c09300 DPL=0 DS   [-WA]
DS =0010 00000000 ffffffff 00c09300 DPL=0 DS   [-WA]
FS =0010 00000000 ffffffff 00c09300 DPL=0 DS   [-WA]
GS =0010 00000000 ffffffff 00c09300 DPL=0 DS   [-WA]
LDT=0000 00000000 0000ffff 00008200 DPL=0 LDT
TR =0000 00000000 0000ffff 00008b00 DPL=0 TSS32-busy
GDT=     000f6070 00000037
IDT=     000f60ae 00000000
CR0=00000011 CR2=00000000 CR3=00000000 CR4=00000000
DR0=0000000000000000 DR1=0000000000000000 DR2=0000000000000000 DR3=0000000000000000 
DR6=00000000ffff0ff0 DR7=0000000000000400
CCS=00000010 CCD=00006902 CCO=EFLAGS  
EFER=0000000000000000
SMM: after RSM
EAX=000000b5 EBX=00007cf0 ECX=00005678 EDX=00000005
ESI=07fbdc62 EDI=00000000 EBP=00006916 ESP=00006916
EIP=00007cf0 EFL=00000002 [-------] CPL=0 II=0 A20=1 SMM=0 HLT=0
ES =dc00 000dc000 ffffffff 00809300
CS =f000 000f0000 ffffffff 00809b00
SS =0000 00000000 ffffffff 00809300
DS =0000 00000000 ffffffff 00809300
FS =0000 00000000 ffffffff 00809300
GS =ca00 000ca000 ffffffff 00809300
LDT=0000 00000000 0000ffff 00008200
TR =0000 00000000 0000ffff 00008b00
GDT=     00000000 00000000
IDT=     00000000 000003ff
CR0=00000010 CR2=00000000 CR3=00000000 CR4=00000000
DR0=0000000000000000 DR1=0000000000000000 DR2=0000000000000000 DR3=0000000000000000 
DR6=00000000ffff0ff0 DR7=0000000000000400
CCS=00000000 CCD=00000001 CCO=EFLAGS  
EFER=0000000000000000
SMM: enter
EAX=000000b5 EBX=000f7cd6 ECX=00001234 EDX=0000dc00
ESI=07fbdc62 EDI=00006950 EBP=00006910 ESP=00006910
EIP=00007cd5 EFL=00000002 [-------] CPL=0 II=0 A20=1 SMM=0 HLT=0
ES =dc00 000dc000 ffffffff 00809300
CS =f000 000f0000 ffffffff 00809b00
SS =0000 00000000 ffffffff 00809300
DS =0000 00000000 ffffffff 00809300
FS =0000 00000000 ffffffff 00809300
GS =ca00 000ca000 ffffffff 00809300
LDT=0000 00000000 0000ffff 00008200
TR =0000 00000000 0000ffff 00008b00
GDT=     00000000 00000000
IDT=     00000000 000003ff
CR0=00000010 CR2=00000000 CR3=00000000 CR4=00000000
DR0=0000000000000000 DR1=0000000000000000 DR2=0000000000000000 DR3=0000000000000000 
DR6=00000000ffff0ff0 DR7=0000000000000400
CCS=00000000 CCD=00006910 CCO=EFLAGS  
EFER=0000000000000000
SMM: after RSM
EAX=000000b5 EBX=000f7cd6 ECX=00001234 EDX=0000dc00
ESI=07fbdc62 EDI=00006950 EBP=00006910 ESP=00006910
EIP=000f7cd6 EFL=00000002 [-------] CPL=0 II=0 A20=1 SMM=0 HLT=0
ES =0010 00000000 ffffffff 00c09300 DPL=0 DS   [-WA]
CS =0008 00000000 ffffffff 00c09b00 DPL=0 CS32 [-RA]
SS =0010 00000000 ffffffff 00c09300 DPL=0 DS   [-WA]
DS =0010 00000000 ffffffff 00c09300 DPL=0 DS   [-WA]
FS =0010 00000000 ffffffff 00c09300 DPL=0 DS   [-WA]
GS =0010 00000000 ffffffff 00c09300 DPL=0 DS   [-WA]
LDT=0000 00000000 0000ffff 00008200 DPL=0 LDT
TR =0000 00000000 0000ffff 00008b00 DPL=0 TSS32-busy
GDT=     000f6070 00000037
IDT=     000f60ae 00000000
CR0=00000011 CR2=00000000 CR3=00000000 CR4=00000000
DR0=0000000000000000 DR1=0000000000000000 DR2=0000000000000000 DR3=0000000000000000 
DR6=00000000ffff0ff0 DR7=0000000000000400
CCS=00000000 CCD=00000000 CCO=EFLAGS  
EFER=0000000000000000
SMM: enter
EAX=000000b5 EBX=00007cf0 ECX=00005678 EDX=07fa97a4
ESI=07fbdc62 EDI=07f909d0 EBP=00006910 ESP=00006910
EIP=000f7cef EFL=00000006 [-----P-] CPL=0 II=0 A20=1 SMM=0 HLT=0
ES =0010 00000000 ffffffff 00c09300 DPL=0 DS   [-WA]
CS =0008 00000000 ffffffff 00c09b00 DPL=0 CS32 [-RA]
SS =0010 00000000 ffffffff 00c09300 DPL=0 DS   [-WA]
DS =0010 00000000 ffffffff 00c09300 DPL=0 DS   [-WA]
FS =0010 00000000 ffffffff 00c09300 DPL=0 DS   [-WA]
GS =0010 00000000 ffffffff 00c09300 DPL=0 DS   [-WA]
LDT=0000 00000000 0000ffff 00008200 DPL=0 LDT
TR =0000 00000000 0000ffff 00008b00 DPL=0 TSS32-busy
GDT=     000f6070 00000037
IDT=     000f60ae 00000000
CR0=00000011 CR2=00000000 CR3=00000000 CR4=00000000
DR0=0000000000000000 DR1=0000000000000000 DR2=0000000000000000 DR3=0000000000000000 
DR6=00000000ffff0ff0 DR7=0000000000000400
CCS=00000004 CCD=000068fc CCO=EFLAGS  
EFER=0000000000000000
SMM: after RSM
EAX=000000b5 EBX=00007cf0 ECX=00005678 EDX=07fa97a4
ESI=07fbdc62 EDI=07f909d0 EBP=00006910 ESP=00006910
EIP=00007cf0 EFL=00000002 [-------] CPL=0 II=0 A20=1 SMM=0 HLT=0
ES =dc00 000dc000 ffffffff 00809300
CS =f000 000f0000 ffffffff 00809b00
SS =0000 00000000 ffffffff 00809300
DS =0000 00000000 ffffffff 00809300
FS =0000 00000000 ffffffff 00809300
GS =ca00 000ca000 ffffffff 00809300
LDT=0000 00000000 0000ffff 00008200
TR =0000 00000000 0000ffff 00008b00
GDT=     00000000 00000000
IDT=     00000000 000003ff
CR0=00000010 CR2=00000000 CR3=00000000 CR4=00000000
DR0=0000000000000000 DR1=0000000000000000 DR2=0000000000000000 DR3=0000000000000000 
DR6=00000000ffff0ff0 DR7=0000000000000400
CCS=00000000 CCD=00000001 CCO=EFLAGS  
EFER=0000000000000000
SMM: enter
EAX=000000b5 EBX=000f7cd6 ECX=00001234 EDX=0000dc00
ESI=07fbdc62 EDI=00006956 EBP=00006916 ESP=00006916
EIP=00007cd5 EFL=00000002 [-------] CPL=0 II=0 A20=1 SMM=0 HLT=0
ES =dc00 000dc000 ffffffff 00809300
CS =f000 000f0000 ffffffff 00809b00
SS =0000 00000000 ffffffff 00809300
DS =0000 00000000 ffffffff 00809300
FS =0000 00000000 ffffffff 00809300
GS =ca00 000ca000 ffffffff 00809300
LDT=0000 00000000 0000ffff 00008200
TR =0000 00000000 0000ffff 00008b00
GDT=     00000000 00000000
IDT=     00000000 000003ff
CR0=00000010 CR2=00000000 CR3=00000000 CR4=00000000
DR0=0000000000000000 DR1=0000000000000000 DR2=0000000000000000 DR3=0000000000000000 
DR6=00000000ffff0ff0 DR7=0000000000000400
CCS=00000000 CCD=00006916 CCO=EFLAGS  
EFER=0000000000000000
SMM: after RSM
EAX=000000b5 EBX=000f7cd6 ECX=00001234 EDX=0000dc00
ESI=07fbdc62 EDI=00006956 EBP=00006916 ESP=00006916
EIP=000f7cd6 EFL=00000002 [-------] CPL=0 II=0 A20=1 SMM=0 HLT=0
ES =0010 00000000 ffffffff 00c09300 DPL=0 DS   [-WA]
CS =0008 00000000 ffffffff 00c09b00 DPL=0 CS32 [-RA]
SS =0010 00000000 ffffffff 00c09300 DPL=0 DS   [-WA]
DS =0010 00000000 ffffffff 00c09300 DPL=0 DS   [-WA]
FS =0010 00000000 ffffffff 00c09300 DPL=0 DS   [-WA]
GS =0010 00000000 ffffffff 00c09300 DPL=0 DS   [-WA]
LDT=0000 00000000 0000ffff 00008200 DPL=0 LDT
TR =0000 00000000 0000ffff 00008b00 DPL=0 TSS32-busy
GDT=     000f6070 00000037
IDT=     000f60ae 00000000
CR0=00000011 CR2=00000000 CR3=00000000 CR4=00000000
DR0=0000000000000000 DR1=0000000000000000 DR2=0000000000000000 DR3=0000000000000000 
DR6=00000000ffff0ff0 DR7=0000000000000400
CCS=00000000 CCD=00000000 CCO=EFLAGS  
EFER=0000000000000000
SMM: enter
EAX=000000b5 EBX=00007cf0 ECX=00005678 EDX=00000005
ESI=07fbdc62 EDI=00000000 EBP=00006916 ESP=00006916
EIP=000f7cef EFL=00000012 [----A--] CPL=0 II=0 A20=1 SMM=0 HLT=0
ES =0010 00000000 ffffffff 00c09300 DPL=0 DS   [-WA]
CS =0008 00000000 ffffffff 00c09b00 DPL=0 CS32 [-RA]
SS =0010 00000000 ffffffff 00c09300 DPL=0 DS   [-WA]
DS =0010 00000000 ffffffff 00c09300 DPL=0 DS   [-WA]
FS =0010 00000000 ffffffff 00c09300 DPL=0 DS   [-WA]
GS =0010 00000000 ffffffff 00c09300 DPL=0 DS   [-WA]
LDT=0000 00000000 0000ffff 00008200 DPL=0 LDT
TR =0000 00000000 0000ffff 00008b00 DPL=0 TSS32-busy
GDT=     000f6070 00000037
IDT=     000f60ae 00000000
CR0=00000011 CR2=00000000 CR3=00000000 CR4=00000000
DR0=0000000000000000 DR1=0000000000000000 DR2=0000000000000000 DR3=0000000000000000 
DR6=00000000ffff0ff0 DR7=0000000000000400
CCS=00000010 CCD=00006902 CCO=EFLAGS  
EFER=0000000000000000
SMM: after RSM
EAX=000000b5 EBX=00007cf0 ECX=00005678 EDX=00000005
ESI=07fbdc62 EDI=00000000 EBP=00006916 ESP=00006916
EIP=00007cf0 EFL=00000002 [-------] CPL=0 II=0 A20=1 SMM=0 HLT=0
ES =dc00 000dc000 ffffffff 00809300
CS =f000 000f0000 ffffffff 00809b00
SS =0000 00000000 ffffffff 00809300
DS =0000 00000000 ffffffff 00809300
FS =0000 00000000 ffffffff 00809300
GS =ca00 000ca000 ffffffff 00809300
LDT=0000 00000000 0000ffff 00008200
TR =0000 00000000 0000ffff 00008b00
GDT=     00000000 00000000
IDT=     00000000 000003ff
CR0=00000010 CR2=00000000 CR3=00000000 CR4=00000000
DR0=0000000000000000 DR1=0000000000000000 DR2=0000000000000000 DR3=0000000000000000 
DR6=00000000ffff0ff0 DR7=0000000000000400
CCS=00000000 CCD=00000001 CCO=EFLAGS  
EFER=0000000000000000
SMM: enter
EAX=000000b5 EBX=000f7cd6 ECX=00001234 EDX=0000dc00
ESI=07fbdc62 EDI=00006950 EBP=00006910 ESP=00006910
EIP=00007cd5 EFL=00000002 [-------] CPL=0 II=0 A20=1 SMM=0 HLT=0
ES =dc00 000dc000 ffffffff 00809300
CS =f000 000f0000 ffffffff 00809b00
SS =0000 00000000 ffffffff 00809300
DS =0000 00000000 ffffffff 00809300
FS =0000 00000000 ffffffff 00809300
GS =ca00 000ca000 ffffffff 00809300
LDT=0000 00000000 0000ffff 00008200
TR =0000 00000000 0000ffff 00008b00
GDT=     00000000 00000000
IDT=     00000000 000003ff
CR0=00000010 CR2=00000000 CR3=00000000 CR4=00000000
DR0=0000000000000000 DR1=0000000000000000 DR2=0000000000000000 DR3=0000000000000000 
DR6=00000000ffff0ff0 DR7=0000000000000400
CCS=00000000 CCD=00006910 CCO=EFLAGS  
EFER=0000000000000000
SMM: after RSM
EAX=000000b5 EBX=000f7cd6 ECX=00001234 EDX=0000dc00
ESI=07fbdc62 EDI=00006950 EBP=00006910 ESP=00006910
EIP=000f7cd6 EFL=00000002 [-------] CPL=0 II=0 A20=1 SMM=0 HLT=0
ES =0010 00000000 ffffffff 00c09300 DPL=0 DS   [-WA]
CS =0008 00000000 ffffffff 00c09b00 DPL=0 CS32 [-RA]
SS =0010 00000000 ffffffff 00c09300 DPL=0 DS   [-WA]
DS =0010 00000000 ffffffff 00c09300 DPL=0 DS   [-WA]
FS =0010 00000000 ffffffff 00c09300 DPL=0 DS   [-WA]
GS =0010 00000000 ffffffff 00c09300 DPL=0 DS   [-WA]
LDT=0000 00000000 0000ffff 00008200 DPL=0 LDT
TR =0000 00000000 0000ffff 00008b00 DPL=0 TSS32-busy
GDT=     000f6070 00000037
IDT=     000f60ae 00000000
CR0=00000011 CR2=00000000 CR3=00000000 CR4=00000000
DR0=0000000000000000 DR1=0000000000000000 DR2=0000000000000000 DR3=0000000000000000 
DR6=00000000ffff0ff0 DR7=0000000000000400
CCS=00000000 CCD=00000000 CCO=EFLAGS  
EFER=0000000000000000
SMM: enter
EAX=000000b5 EBX=00007cf0 ECX=00005678 EDX=07fa95f4
ESI=07fbdc62 EDI=07ef09d0 EBP=00006910 ESP=00006910
EIP=000f7cef EFL=00000006 [-----P-] CPL=0 II=0 A20=1 SMM=0 HLT=0
ES =0010 00000000 ffffffff 00c09300 DPL=0 DS   [-WA]
CS =0008 00000000 ffffffff 00c09b00 DPL=0 CS32 [-RA]
SS =0010 00000000 ffffffff 00c09300 DPL=0 DS   [-WA]
DS =0010 00000000 ffffffff 00c09300 DPL=0 DS   [-WA]
FS =0010 00000000 ffffffff 00c09300 DPL=0 DS   [-WA]
GS =0010 00000000 ffffffff 00c09300 DPL=0 DS   [-WA]
LDT=0000 00000000 0000ffff 00008200 DPL=0 LDT
TR =0000 00000000 0000ffff 00008b00 DPL=0 TSS32-busy
GDT=     000f6070 00000037
IDT=     000f60ae 00000000
CR0=00000011 CR2=00000000 CR3=00000000 CR4=00000000
DR0=0000000000000000 DR1=0000000000000000 DR2=0000000000000000 DR3=0000000000000000 
DR6=00000000ffff0ff0 DR7=0000000000000400
CCS=00000004 CCD=000068fc CCO=EFLAGS  
EFER=0000000000000000
SMM: after RSM
EAX=000000b5 EBX=00007cf0 ECX=00005678 EDX=07fa95f4
ESI=07fbdc62 EDI=07ef09d0 EBP=00006910 ESP=00006910
EIP=00007cf0 EFL=00000002 [-------] CPL=0 II=0 A20=1 SMM=0 HLT=0
ES =dc00 000dc000 ffffffff 00809300
CS =f000 000f0000 ffffffff 00809b00
SS =0000 00000000 ffffffff 00809300
DS =0000 00000000 ffffffff 00809300
FS =0000 00000000 ffffffff 00809300
GS =ca00 000ca000 ffffffff 00809300
LDT=0000 00000000 0000ffff 00008200
TR =0000 00000000 0000ffff 00008b00
GDT=     00000000 00000000
IDT=     00000000 000003ff
CR0=00000010 CR2=00000000 CR3=00000000 CR4=00000000
DR0=0000000000000000 DR1=0000000000000000 DR2=0000000000000000 DR3=0000000000000000 
DR6=00000000ffff0ff0 DR7=0000000000000400
CCS=00000000 CCD=00000001 CCO=EFLAGS  
EFER=0000000000000000
